[  2142.538] (--) Log file renamed from "/home/user/.local/share/xorg/Xorg.pid-11815.log" to "/home/user/.local/share/xorg/Xorg.0.log"
[  2142.539] 
X.Org X Server 1.21.1.7
X Protocol Version 11, Revision 0
[  2142.539] Current Operating System: Linux yoavleptop 6.1.0-32-amd64 #1 SMP PREEMPT_DYNAMIC Debian 6.1.129-1 (2025-03-06) x86_64
[  2142.539] Kernel command line: BOOT_IMAGE=/boot/vmlinuz-6.1.0-32-amd64 root=UUID=443fd894-6a09-45bf-b0d3-34af0ac8ac92 ro quiet
[  2142.540] xorg-server 2:21.1.7-3+deb12u9 (https://www.debian.org/support) 
[  2142.540] Current version of pixman: 0.42.2
[  2142.540] 	Before reporting problems, check http://wiki.x.org
	to make sure that you have the latest version.
[  2142.540] Markers: (--) probed, (**) from config file, (==) default setting,
	(++) from command line, (!!) notice, (II) informational,
	(WW) warning, (EE) error, (NI) not implemented, (??) unknown.
[  2142.540] (==) Log file: "/home/user/.local/share/xorg/Xorg.0.log", Time: Wed Mar 26 22:49:16 2025
[  2142.540] (==) Using system config directory "/usr/share/X11/xorg.conf.d"
[  2142.541] (==) No Layout section.  Using the first Screen section.
[  2142.541] (==) No screen section available. Using defaults.
[  2142.541] (**) |-->Screen "Default Screen Section" (0)
[  2142.541] (**) |   |-->Monitor "<default monitor>"
[  2142.542] (==) No monitor specified for screen "Default Screen Section".
	Using a default monitor configuration.
[  2142.542] (==) Automatically adding devices
[  2142.542] (==) Automatically enabling devices
[  2142.542] (==) Automatically adding GPU devices
[  2142.542] (==) Automatically binding GPU devices
[  2142.542] (==) Max clients allowed: 256, resource mask: 0x1fffff
[  2142.542] (WW) The directory "/usr/share/fonts/X11/cyrillic" does not exist.
[  2142.542] 	Entry deleted from font path.
[  2142.542] (==) FontPath set to:
	/usr/share/fonts/X11/misc,
	/usr/share/fonts/X11/100dpi/:unscaled,
	/usr/share/fonts/X11/75dpi/:unscaled,
	/usr/share/fonts/X11/Type1,
	/usr/share/fonts/X11/100dpi,
	/usr/share/fonts/X11/75dpi,
	built-ins
[  2142.542] (==) ModulePath set to "/usr/lib/xorg/modules"
[  2142.542] (II) The server relies on udev to provide the list of input devices.
	If no devices become available, reconfigure udev or disable AutoAddDevices.
[  2142.542] (II) Loader magic: 0x55e0eb86df00
[  2142.542] (II) Module ABI versions:
[  2142.542] 	X.Org ANSI C Emulation: 0.4
[  2142.542] 	X.Org Video Driver: 25.2
[  2142.542] 	X.Org XInput driver : 24.4
[  2142.542] 	X.Org Server Extension : 10.0
[  2142.543] (++) using VT number 2

[  2142.545] (II) systemd-logind: took control of session /org/freedesktop/login1/session/_37
[  2142.546] (II) xfree86: Adding drm device (/dev/dri/card0)
[  2142.546] (II) Platform probe for /sys/devices/pci0000:00/0000:00:02.0/drm/card0
[  2142.547] (II) systemd-logind: got fd for /dev/dri/card0 226:0 fd 14 paused 0
[  2142.547] (II) xfree86: Adding drm device (/dev/dri/card1)
[  2142.547] (II) Platform probe for /sys/devices/pci0000:00/0000:00:06.0/0000:01:00.0/drm/card1
[  2142.548] (II) systemd-logind: got fd for /dev/dri/card1 226:1 fd 15 paused 0
[  2142.551] (--) PCI:*(0@0:2:0) 8086:9a49:1043:160c rev 1, Mem @ 0x6034000000/16777216, 0x4000000000/268435456, I/O @ 0x00005000/64, BIOS @ 0x????????/131072
[  2142.551] (--) PCI: (1@0:0:0) 10de:249d:1043:160c rev 161, Mem @ 0x85000000/16777216, 0x6020000000/268435456, 0x6030000000/33554432, I/O @ 0x00004000/128, BIOS @ 0x????????/524288
[  2142.552] (II) LoadModule: "glx"
[  2142.553] (II) Loading /usr/lib/xorg/modules/extensions/libglx.so
[  2142.556] (II) Module glx: vendor="X.Org Foundation"
[  2142.557] 	compiled for 1.21.1.7, module version = 1.0.0
[  2142.557] 	ABI class: X.Org Server Extension, version 10.0
[  2142.608] (==) Matched modesetting as autoconfigured driver 0
[  2142.608] (==) Matched fbdev as autoconfigured driver 1
[  2142.608] (==) Matched vesa as autoconfigured driver 2
[  2142.608] (==) Assigned the driver to the xf86ConfigLayout
[  2142.608] (II) LoadModule: "modesetting"
[  2142.608] (II) Loading /usr/lib/xorg/modules/drivers/modesetting_drv.so
[  2142.610] (II) Module modesetting: vendor="X.Org Foundation"
[  2142.610] 	compiled for 1.21.1.7, module version = 1.21.1
[  2142.610] 	Module class: X.Org Video Driver
[  2142.610] 	ABI class: X.Org Video Driver, version 25.2
[  2142.610] (II) LoadModule: "fbdev"
[  2142.610] (II) Loading /usr/lib/xorg/modules/drivers/fbdev_drv.so
[  2142.611] (II) Module fbdev: vendor="X.Org Foundation"
[  2142.611] 	compiled for 1.21.1.3, module version = 0.5.0
[  2142.611] 	Module class: X.Org Video Driver
[  2142.611] 	ABI class: X.Org Video Driver, version 25.2
[  2142.611] (II) LoadModule: "vesa"
[  2142.611] (II) Loading /usr/lib/xorg/modules/drivers/vesa_drv.so
[  2142.611] (II) Module vesa: vendor="X.Org Foundation"
[  2142.611] 	compiled for 1.21.1.3, module version = 2.5.0
[  2142.611] 	Module class: X.Org Video Driver
[  2142.611] 	ABI class: X.Org Video Driver, version 25.2
[  2142.611] (II) modesetting: Driver for Modesetting Kernel Drivers: kms
[  2142.611] (II) FBDEV: driver for framebuffer: fbdev
[  2142.611] (II) VESA: driver for VESA chipsets: vesa
[  2142.611] xf86EnableIO: failed to enable I/O ports 0000-03ff (Operation not permitted)
[  2142.611] (II) modeset(0): using drv /dev/dri/card0
[  2142.611] (WW) Falling back to old probe method for fbdev
[  2142.611] (II) Loading sub module "fbdevhw"
[  2142.611] (II) LoadModule: "fbdevhw"
[  2142.611] (II) Loading /usr/lib/xorg/modules/libfbdevhw.so
[  2142.611] (II) Module fbdevhw: vendor="X.Org Foundation"
[  2142.611] 	compiled for 1.21.1.7, module version = 0.0.2
[  2142.611] 	ABI class: X.Org Video Driver, version 25.2
[  2142.611] (II) modeset(G0): using drv /dev/dri/card1
[  2142.611] (WW) VGA arbiter: cannot open kernel arbiter, no multi-card support
[  2142.611] (II) modeset(0): Creating default Display subsection in Screen section
	"Default Screen Section" for depth/fbbpp 24/32
[  2142.611] (==) modeset(0): Depth 24, (==) framebuffer bpp 32
[  2142.611] (==) modeset(0): RGB weight 888
[  2142.611] (==) modeset(0): Default visual is TrueColor
[  2142.611] (II) Loading sub module "glamoregl"
[  2142.611] (II) LoadModule: "glamoregl"
[  2142.611] (II) Loading /usr/lib/xorg/modules/libglamoregl.so
[  2142.614] (II) Module glamoregl: vendor="X.Org Foundation"
[  2142.614] 	compiled for 1.21.1.7, module version = 1.0.1
[  2142.614] 	ABI class: X.Org ANSI C Emulation, version 0.4
[  2142.638] (II) modeset(0): glamor X acceleration enabled on Mesa Intel(R) Xe Graphics (TGL GT2)
[  2142.638] (II) modeset(0): glamor initialized
[  2142.638] (==) modeset(0): VariableRefresh: disabled
[  2142.638] (==) modeset(0): AsyncFlipSecondaries: disabled
[  2142.639] (II) modeset(0): Output eDP-1 has no monitor section
[  2142.639] (II) modeset(0): Output HDMI-1 has no monitor section
[  2142.656] (II) modeset(0): Output DP-1 has no monitor section
[  2142.656] (II) modeset(0): Output DP-2 has no monitor section
[  2142.658] (II) modeset(0): EDID for output eDP-1
[  2142.658] (II) modeset(0): Manufacturer: SHP  Model: 1532  Serial#: 0
[  2142.658] (II) modeset(0): Year: 2020  Week: 45
[  2142.658] (II) modeset(0): EDID Version: 1.4
[  2142.658] (II) modeset(0): Digital Display Input
[  2142.658] (II) modeset(0): 8 bits per channel
[  2142.658] (II) modeset(0): Digital interface is DisplayPort
[  2142.658] (II) modeset(0): Max Image Size [cm]: horiz.: 34  vert.: 19
[  2142.658] (II) modeset(0): Gamma: 2.20
[  2142.658] (II) modeset(0): No DPMS capabilities specified
[  2142.658] (II) modeset(0): Supported color encodings: RGB 4:4:4 
[  2142.658] (II) modeset(0): Default color space is primary color space
[  2142.658] (II) modeset(0): First detailed timing is preferred mode
[  2142.658] (II) modeset(0): Preferred mode is native pixel format and refresh rate
[  2142.658] (II) modeset(0): Display is continuous-frequency
[  2142.658] (II) modeset(0): redX: 0.640 redY: 0.329   greenX: 0.300 greenY: 0.600
[  2142.658] (II) modeset(0): blueX: 0.149 blueY: 0.060   whiteX: 0.312 whiteY: 0.328
[  2142.658] (II) modeset(0): Manufacturer's mask: 0
[  2142.658] (II) modeset(0): Supported detailed timing:
[  2142.658] (II) modeset(0): clock: 533.3 MHz   Image Size:  344 x 194 mm
[  2142.658] (II) modeset(0): h_active: 1920  h_sync: 1944  h_sync_end 1984 h_blank_end 2000 h_border: 0
[  2142.658] (II) modeset(0): v_active: 1080  v_sync: 1083  v_sync_end 1088 v_blanking: 1111 v_border: 0
[  2142.658] (II) modeset(0): Supported detailed timing:
[  2142.658] (II) modeset(0): clock: 133.3 MHz   Image Size:  344 x 194 mm
[  2142.658] (II) modeset(0): h_active: 1920  h_sync: 1944  h_sync_end 1984 h_blank_end 2000 h_border: 0
[  2142.658] (II) modeset(0): v_active: 1080  v_sync: 1083  v_sync_end 1088 v_blanking: 1111 v_border: 0
[  2142.658] (II) modeset(0): Ranges: V min: 60 V max: 240 Hz, H min: 266 H max: 266 kHz, PixClock max 545 MHz
[  2142.658] (II) modeset(0): Monitor name: LQ156M1JW26
[  2142.658] (II) modeset(0): EDID (in hex):
[  2142.658] (II) modeset(0): 	00ffffffffffff004d10321500000000
[  2142.658] (II) modeset(0): 	2d1e0104a522137807de50a3544c9926
[  2142.658] (II) modeset(0): 	0f505400000001010101010101010101
[  2142.658] (II) modeset(0): 	01010101010150d0805070381f401828
[  2142.658] (II) modeset(0): 	350058c2100000181434805070381f40
[  2142.658] (II) modeset(0): 	1828350058c210000018000000fd0c3c
[  2142.658] (II) modeset(0): 	f00b0b36010a202020202020000000fc
[  2142.658] (II) modeset(0): 	004c513135364d314a5732360a200010
[  2142.658] (II) modeset(0): Printing probed modes for output eDP-1
[  2142.658] (II) modeset(0): Modeline "1920x1080"x240.0  533.28  1920 1944 1984 2000  1080 1083 1088 1111 -hsync -vsync (266.6 kHz eP)
[  2142.658] (II) modeset(0): Modeline "1920x1080"x60.0  356.38  1920 2080 2288 2656  1080 1081 1084 1118 doublescan -hsync +vsync (134.2 kHz d)
[  2142.658] (II) modeset(0): Modeline "1920x1080"x60.0  266.50  1920 1944 1960 2000  1080 1081 1084 1111 doublescan +hsync -vsync (133.2 kHz d)
[  2142.658] (II) modeset(0): Modeline "1920x1080"x60.0  173.00  1920 2048 2248 2576  1080 1083 1088 1120 -hsync +vsync (67.2 kHz d)
[  2142.658] (II) modeset(0): Modeline "1920x1080"x59.9  138.50  1920 1968 2000 2080  1080 1083 1088 1111 +hsync -vsync (66.6 kHz d)
[  2142.658] (II) modeset(0): Modeline "1920x1080"x60.0  133.32  1920 1944 1984 2000  1080 1083 1088 1111 -hsync -vsync (66.7 kHz e)
[  2142.658] (II) modeset(0): Modeline "1680x1050"x60.0  146.25  1680 1784 1960 2240  1050 1053 1059 1089 -hsync +vsync (65.3 kHz d)
[  2142.658] (II) modeset(0): Modeline "1680x1050"x59.9  119.00  1680 1728 1760 1840  1050 1053 1059 1080 +hsync -vsync (64.7 kHz d)
[  2142.658] (II) modeset(0): Modeline "1400x1050"x74.8  155.80  1400 1464 1784 1912  1050 1052 1064 1090 +hsync +vsync (81.5 kHz d)
[  2142.658] (II) modeset(0): Modeline "1400x1050"x60.0  122.00  1400 1488 1640 1880  1050 1052 1064 1082 +hsync +vsync (64.9 kHz d)
[  2142.658] (II) modeset(0): Modeline "1600x900"x60.0  246.00  1600 1728 1900 2200  900 901 904 932 doublescan -hsync +vsync (111.8 kHz d)
[  2142.658] (II) modeset(0): Modeline "1600x900"x59.9  186.50  1600 1624 1640 1680  900 901 904 926 doublescan +hsync -vsync (111.0 kHz d)
[  2142.658] (II) modeset(0): Modeline "1600x900"x59.9  118.25  1600 1696 1856 2112  900 903 908 934 -hsync +vsync (56.0 kHz d)
[  2142.658] (II) modeset(0): Modeline "1600x900"x59.8   97.50  1600 1648 1680 1760  900 903 908 926 +hsync -vsync (55.4 kHz d)
[  2142.658] (II) modeset(0): Modeline "1280x1024"x85.0  157.50  1280 1344 1504 1728  1024 1025 1028 1072 +hsync +vsync (91.1 kHz d)
[  2142.658] (II) modeset(0): Modeline "1280x1024"x75.0  135.00  1280 1296 1440 1688  1024 1025 1028 1066 +hsync +vsync (80.0 kHz d)
[  2142.658] (II) modeset(0): Modeline "1280x1024"x60.0  108.00  1280 1328 1440 1688  1024 1025 1028 1066 +hsync +vsync (64.0 kHz d)
[  2142.658] (II) modeset(0): Modeline "1400x900"x60.0  103.50  1400 1480 1624 1848  900 903 913 934 -hsync +vsync (56.0 kHz d)
[  2142.658] (II) modeset(0): Modeline "1400x900"x59.9   86.50  1400 1448 1480 1560  900 903 913 926 +hsync -vsync (55.4 kHz d)
[  2142.658] (II) modeset(0): Modeline "1280x960"x85.0  148.50  1280 1344 1504 1728  960 961 964 1011 +hsync +vsync (85.9 kHz d)
[  2142.658] (II) modeset(0): Modeline "1280x960"x60.0  108.00  1280 1376 1488 1800  960 961 964 1000 +hsync +vsync (60.0 kHz d)
[  2142.658] (II) modeset(0): Modeline "1440x810"x60.0  198.12  1440 1548 1704 1968  810 811 814 839 doublescan -hsync +vsync (100.7 kHz d)
[  2142.658] (II) modeset(0): Modeline "1440x810"x60.0  151.88  1440 1464 1480 1520  810 811 814 833 doublescan +hsync -vsync (99.9 kHz d)
[  2142.658] (II) modeset(0): Modeline "1368x768"x59.9   85.25  1368 1440 1576 1784  768 771 781 798 -hsync +vsync (47.8 kHz d)
[  2142.658] (II) modeset(0): Modeline "1368x768"x59.9   72.25  1368 1416 1448 1528  768 771 781 790 +hsync -vsync (47.3 kHz d)
[  2142.658] (II) modeset(0): Modeline "1280x800"x60.0  174.25  1280 1380 1516 1752  800 801 804 829 doublescan -hsync +vsync (99.5 kHz d)
[  2142.658] (II) modeset(0): Modeline "1280x800"x60.0  134.25  1280 1304 1320 1360  800 801 804 823 doublescan +hsync -vsync (98.7 kHz d)
[  2142.658] (II) modeset(0): Modeline "1280x800"x59.8   83.50  1280 1352 1480 1680  800 803 809 831 -hsync +vsync (49.7 kHz d)
[  2142.658] (II) modeset(0): Modeline "1280x800"x59.9   71.00  1280 1328 1360 1440  800 803 809 823 +hsync -vsync (49.3 kHz d)
[  2142.658] (II) modeset(0): Modeline "1152x864"x75.0  108.00  1152 1216 1344 1600  864 865 868 900 +hsync +vsync (67.5 kHz d)
[  2142.658] (II) modeset(0): Modeline "1280x720"x60.0  156.12  1280 1376 1512 1744  720 721 724 746 doublescan -hsync +vsync (89.5 kHz d)
[  2142.658] (II) modeset(0): Modeline "1280x720"x60.0  120.75  1280 1304 1320 1360  720 721 724 740 doublescan +hsync -vsync (88.8 kHz d)
[  2142.658] (II) modeset(0): Modeline "1280x720"x59.9   74.50  1280 1344 1472 1664  720 723 728 748 -hsync +vsync (44.8 kHz d)
[  2142.658] (II) modeset(0): Modeline "1280x720"x59.7   63.75  1280 1328 1360 1440  720 723 728 741 +hsync -vsync (44.3 kHz d)
[  2142.658] (II) modeset(0): Modeline "1024x768"x85.0  194.02  1024 1108 1220 1416  768 768 770 806 doublescan -hsync +vsync (137.0 kHz d)
[  2142.658] (II) modeset(0): Modeline "1024x768"x75.0  170.24  1024 1108 1220 1416  768 768 770 801 doublescan -hsync +vsync (120.2 kHz d)
[  2142.658] (II) modeset(0): Modeline "1024x768"x60.0  133.47  1024 1100 1212 1400  768 768 770 794 doublescan -hsync +vsync (95.3 kHz d)
[  2142.658] (II) modeset(0): Modeline "1024x768"x85.0   94.50  1024 1072 1168 1376  768 769 772 808 +hsync +vsync (68.7 kHz d)
[  2142.658] (II) modeset(0): Modeline "1024x768"x75.0   78.75  1024 1040 1136 1312  768 769 772 800 +hsync +vsync (60.0 kHz d)
[  2142.658] (II) modeset(0): Modeline "1024x768"x70.1   75.00  1024 1048 1184 1328  768 771 777 806 -hsync -vsync (56.5 kHz d)
[  2142.658] (II) modeset(0): Modeline "1024x768"x60.0   65.00  1024 1048 1184 1344  768 771 777 806 -hsync -vsync (48.4 kHz d)
[  2142.658] (II) modeset(0): Modeline "1024x768i"x87.0   44.90  1024 1032 1208 1264  768 768 776 817 interlace +hsync +vsync (35.5 kHz d)
[  2142.658] (II) modeset(0): Modeline "960x720"x85.0  170.68  960 1036 1144 1328  720 720 722 756 doublescan -hsync +vsync (128.5 kHz d)
[  2142.658] (II) modeset(0): Modeline "960x720"x75.0  148.50  960 1032 1144 1320  720 720 722 750 doublescan -hsync +vsync (112.5 kHz d)
[  2142.658] (II) modeset(0): Modeline "960x720"x60.0  117.00  960 1024 1128 1300  720 720 722 750 doublescan -hsync +vsync (90.0 kHz d)
[  2142.658] (II) modeset(0): Modeline "928x696"x75.0  144.00  928 992 1104 1280  696 696 698 750 doublescan -hsync +vsync (112.5 kHz d)
[  2142.658] (II) modeset(0): Modeline "928x696"x60.1  109.15  928 976 1088 1264  696 696 698 719 doublescan -hsync +vsync (86.4 kHz d)
[  2142.658] (II) modeset(0): Modeline "896x672"x75.0  130.50  896 944 1052 1228  672 672 674 708 doublescan -hsync +vsync (106.3 kHz d)
[  2142.658] (II) modeset(0): Modeline "896x672"x60.0  102.40  896 960 1060 1224  672 672 674 697 doublescan -hsync +vsync (83.7 kHz d)
[  2142.658] (II) modeset(0): Modeline "1024x576"x60.0   98.50  1024 1092 1200 1376  576 577 580 597 doublescan -hsync +vsync (71.6 kHz d)
[  2142.658] (II) modeset(0): Modeline "1024x576"x60.0   78.38  1024 1048 1064 1104  576 577 580 592 doublescan +hsync -vsync (71.0 kHz d)
[  2142.658] (II) modeset(0): Modeline "1024x576"x59.9   46.50  1024 1064 1160 1296  576 579 584 599 -hsync +vsync (35.9 kHz d)
[  2142.658] (II) modeset(0): Modeline "1024x576"x59.8   42.00  1024 1072 1104 1184  576 579 584 593 +hsync -vsync (35.5 kHz d)
[  2142.658] (II) modeset(0): Modeline "960x600"x59.9   96.62  960 1028 1128 1296  600 601 604 622 doublescan -hsync +vsync (74.6 kHz d)
[  2142.658] (II) modeset(0): Modeline "960x600"x60.0   77.00  960 984 1000 1040  600 601 604 617 doublescan +hsync -vsync (74.0 kHz d)
[  2142.658] (II) modeset(0): Modeline "832x624"x74.6   57.28  832 864 928 1152  624 625 628 667 -hsync -vsync (49.7 kHz d)
[  2142.658] (II) modeset(0): Modeline "960x540"x60.0   86.50  960 1024 1124 1288  540 541 544 560 doublescan -hsync +vsync (67.2 kHz d)
[  2142.658] (II) modeset(0): Modeline "960x540"x60.0   69.25  960 984 1000 1040  540 541 544 555 doublescan +hsync -vsync (66.6 kHz d)
[  2142.658] (II) modeset(0): Modeline "960x540"x59.6   40.75  960 992 1088 1216  540 543 548 562 -hsync +vsync (33.5 kHz d)
[  2142.658] (II) modeset(0): Modeline "960x540"x59.8   37.25  960 1008 1040 1120  540 543 548 556 +hsync -vsync (33.3 kHz d)
[  2142.658] (II) modeset(0): Modeline "800x600"x85.0  114.75  800 832 928 1080  600 600 602 625 doublescan +hsync +vsync (106.2 kHz d)
[  2142.658] (II) modeset(0): Modeline "800x600"x75.0  101.25  800 832 928 1080  600 600 602 625 doublescan +hsync +vsync (93.8 kHz d)
[  2142.658] (II) modeset(0): Modeline "800x600"x70.0   94.50  800 832 928 1080  600 600 602 625 doublescan +hsync +vsync (87.5 kHz d)
[  2142.658] (II) modeset(0): Modeline "800x600"x65.0   87.75  800 832 928 1080  600 600 602 625 doublescan +hsync +vsync (81.2 kHz d)
[  2142.658] (II) modeset(0): Modeline "800x600"x60.0   81.00  800 832 928 1080  600 600 602 625 doublescan +hsync +vsync (75.0 kHz d)
[  2142.658] (II) modeset(0): Modeline "800x600"x85.1   56.30  800 832 896 1048  600 601 604 631 +hsync +vsync (53.7 kHz d)
[  2142.658] (II) modeset(0): Modeline "800x600"x72.2   50.00  800 856 976 1040  600 637 643 666 +hsync +vsync (48.1 kHz d)
[  2142.658] (II) modeset(0): Modeline "800x600"x75.0   49.50  800 816 896 1056  600 601 604 625 +hsync +vsync (46.9 kHz d)
[  2142.658] (II) modeset(0): Modeline "800x600"x60.3   40.00  800 840 968 1056  600 601 605 628 +hsync +vsync (37.9 kHz d)
[  2142.658] (II) modeset(0): Modeline "800x600"x56.2   36.00  800 824 896 1024  600 601 603 625 +hsync +vsync (35.2 kHz d)
[  2142.658] (II) modeset(0): Modeline "840x525"x60.0   73.12  840 892 980 1120  525 526 529 544 doublescan -hsync +vsync (65.3 kHz d)
[  2142.658] (II) modeset(0): Modeline "840x525"x59.9   59.50  840 864 880 920  525 526 529 540 doublescan +hsync -vsync (64.7 kHz d)
[  2142.658] (II) modeset(0): Modeline "864x486"x59.9   32.50  864 888 968 1072  486 489 494 506 -hsync +vsync (30.3 kHz d)
[  2142.658] (II) modeset(0): Modeline "864x486"x59.6   30.50  864 912 944 1024  486 489 494 500 +hsync -vsync (29.8 kHz d)
[  2142.658] (II) modeset(0): Modeline "700x525"x74.8   77.90  700 732 892 956  525 526 532 545 doublescan +hsync +vsync (81.5 kHz d)
[  2142.658] (II) modeset(0): Modeline "700x525"x60.0   61.00  700 744 820 940  525 526 532 541 doublescan +hsync +vsync (64.9 kHz d)
[  2142.658] (II) modeset(0): Modeline "800x450"x59.9   59.12  800 848 928 1056  450 451 454 467 doublescan -hsync +vsync (56.0 kHz d)
[  2142.658] (II) modeset(0): Modeline "800x450"x59.8   48.75  800 824 840 880  450 451 454 463 doublescan +hsync -vsync (55.4 kHz d)
[  2142.658] (II) modeset(0): Modeline "640x512"x85.0   78.75  640 672 752 864  512 512 514 536 doublescan +hsync +vsync (91.1 kHz d)
[  2142.658] (II) modeset(0): Modeline "640x512"x75.0   67.50  640 648 720 844  512 512 514 533 doublescan +hsync +vsync (80.0 kHz d)
[  2142.658] (II) modeset(0): Modeline "640x512"x60.0   54.00  640 664 720 844  512 512 514 533 doublescan +hsync +vsync (64.0 kHz d)
[  2142.658] (II) modeset(0): Modeline "700x450"x60.0   51.75  700 740 812 924  450 451 456 467 doublescan -hsync +vsync (56.0 kHz d)
[  2142.658] (II) modeset(0): Modeline "700x450"x59.9   43.25  700 724 740 780  450 451 456 463 doublescan +hsync -vsync (55.4 kHz d)
[  2142.658] (II) modeset(0): Modeline "640x480"x85.1   74.25  640 672 752 864  480 480 482 505 doublescan +hsync +vsync (85.9 kHz d)
[  2142.658] (II) modeset(0): Modeline "640x480"x60.0   54.00  640 688 744 900  480 480 482 500 doublescan +hsync +vsync (60.0 kHz d)
[  2142.658] (II) modeset(0): Modeline "640x480"x85.0   36.00  640 696 752 832  480 481 484 509 -hsync -vsync (43.3 kHz d)
[  2142.658] (II) modeset(0): Modeline "640x480"x72.8   31.50  640 664 704 832  480 489 492 520 -hsync -vsync (37.9 kHz d)
[  2142.658] (II) modeset(0): Modeline "640x480"x75.0   31.50  640 656 720 840  480 481 484 500 -hsync -vsync (37.5 kHz d)
[  2142.658] (II) modeset(0): Modeline "640x480"x59.9   25.18  640 656 752 800  480 490 492 525 -hsync -vsync (31.5 kHz d)
[  2142.658] (II) modeset(0): Modeline "720x405"x59.5   22.50  720 744 808 896  405 408 413 422 -hsync +vsync (25.1 kHz d)
[  2142.658] (II) modeset(0): Modeline "720x405"x59.0   21.75  720 768 800 880  405 408 413 419 +hsync -vsync (24.7 kHz d)
[  2142.658] (II) modeset(0): Modeline "720x400"x85.0   35.50  720 756 828 936  400 401 404 446 -hsync +vsync (37.9 kHz d)
[  2142.658] (II) modeset(0): Modeline "684x384"x59.9   42.62  684 720 788 892  384 385 390 399 doublescan -hsync +vsync (47.8 kHz d)
[  2142.658] (II) modeset(0): Modeline "684x384"x59.9   36.12  684 708 724 764  384 385 390 395 doublescan +hsync -vsync (47.3 kHz d)
[  2142.658] (II) modeset(0): Modeline "640x400"x59.9   41.75  640 676 740 840  400 401 404 415 doublescan -hsync +vsync (49.7 kHz d)
[  2142.658] (II) modeset(0): Modeline "640x400"x60.0   35.50  640 664 680 720  400 401 404 411 doublescan +hsync -vsync (49.3 kHz d)
[  2142.658] (II) modeset(0): Modeline "640x400"x85.1   31.50  640 672 736 832  400 401 404 445 -hsync +vsync (37.9 kHz d)
[  2142.658] (II) modeset(0): Modeline "576x432"x75.0   54.00  576 608 672 800  432 432 434 450 doublescan +hsync +vsync (67.5 kHz d)
[  2142.658] (II) modeset(0): Modeline "640x360"x59.9   37.25  640 672 736 832  360 361 364 374 doublescan -hsync +vsync (44.8 kHz d)
[  2142.658] (II) modeset(0): Modeline "640x360"x59.8   31.88  640 664 680 720  360 361 364 370 doublescan +hsync -vsync (44.3 kHz d)
[  2142.658] (II) modeset(0): Modeline "640x360"x59.8   18.00  640 664 720 800  360 363 368 376 -hsync +vsync (22.5 kHz d)
[  2142.658] (II) modeset(0): Modeline "640x360"x59.3   17.75  640 688 720 800  360 363 368 374 +hsync -vsync (22.2 kHz d)
[  2142.658] (II) modeset(0): Modeline "640x350"x85.1   31.50  640 672 736 832  350 382 385 445 +hsync -vsync (37.9 kHz d)
[  2142.658] (II) modeset(0): Modeline "512x384"x85.0   47.25  512 536 584 688  384 384 386 404 doublescan +hsync +vsync (68.7 kHz d)
[  2142.658] (II) modeset(0): Modeline "512x384"x75.0   39.38  512 520 568 656  384 384 386 400 doublescan +hsync +vsync (60.0 kHz d)
[  2142.658] (II) modeset(0): Modeline "512x384"x70.1   37.50  512 524 592 664  384 385 388 403 doublescan -hsync -vsync (56.5 kHz d)
[  2142.658] (II) modeset(0): Modeline "512x384"x60.0   32.50  512 524 592 672  384 385 388 403 doublescan -hsync -vsync (48.4 kHz d)
[  2142.658] (II) modeset(0): Modeline "512x384i"x87.1   22.45  512 516 604 632  384 384 388 408 interlace doublescan +hsync +vsync (35.5 kHz d)
[  2142.658] (II) modeset(0): Modeline "512x288"x60.0   23.25  512 532 580 648  288 289 292 299 doublescan -hsync +vsync (35.9 kHz d)
[  2142.658] (II) modeset(0): Modeline "512x288"x59.9   21.00  512 536 552 592  288 289 292 296 doublescan +hsync -vsync (35.5 kHz d)
[  2142.658] (II) modeset(0): Modeline "416x312"x74.7   28.64  416 432 464 576  312 312 314 333 doublescan -hsync -vsync (49.7 kHz d)
[  2142.658] (II) modeset(0): Modeline "480x270"x59.6   20.38  480 496 544 608  270 271 274 281 doublescan -hsync +vsync (33.5 kHz d)
[  2142.658] (II) modeset(0): Modeline "480x270"x59.8   18.62  480 504 520 560  270 271 274 278 doublescan +hsync -vsync (33.3 kHz d)
[  2142.658] (II) modeset(0): Modeline "400x300"x85.3   28.15  400 416 448 524  300 300 302 315 doublescan +hsync +vsync (53.7 kHz d)
[  2142.658] (II) modeset(0): Modeline "400x300"x72.2   25.00  400 428 488 520  300 318 321 333 doublescan +hsync +vsync (48.1 kHz d)
[  2142.658] (II) modeset(0): Modeline "400x300"x75.1   24.75  400 408 448 528  300 300 302 312 doublescan +hsync +vsync (46.9 kHz d)
[  2142.658] (II) modeset(0): Modeline "400x300"x60.3   20.00  400 420 484 528  300 300 302 314 doublescan +hsync +vsync (37.9 kHz d)
[  2142.658] (II) modeset(0): Modeline "400x300"x56.3   18.00  400 412 448 512  300 300 301 312 doublescan +hsync +vsync (35.2 kHz d)
[  2142.658] (II) modeset(0): Modeline "432x243"x59.9   16.25  432 444 484 536  243 244 247 253 doublescan -hsync +vsync (30.3 kHz d)
[  2142.658] (II) modeset(0): Modeline "432x243"x59.6   15.25  432 456 472 512  243 244 247 250 doublescan +hsync -vsync (29.8 kHz d)
[  2142.658] (II) modeset(0): Modeline "320x240"x85.2   18.00  320 348 376 416  240 240 242 254 doublescan -hsync -vsync (43.3 kHz d)
[  2142.658] (II) modeset(0): Modeline "320x240"x72.8   15.75  320 332 352 416  240 244 246 260 doublescan -hsync -vsync (37.9 kHz d)
[  2142.658] (II) modeset(0): Modeline "320x240"x75.0   15.75  320 328 360 420  240 240 242 250 doublescan -hsync -vsync (37.5 kHz d)
[  2142.658] (II) modeset(0): Modeline "320x240"x60.1   12.59  320 328 376 400  240 245 246 262 doublescan -hsync -vsync (31.5 kHz d)
[  2142.658] (II) modeset(0): Modeline "360x202"x59.5   11.25  360 372 404 448  202 204 206 211 doublescan -hsync +vsync (25.1 kHz d)
[  2142.658] (II) modeset(0): Modeline "360x202"x59.1   10.88  360 384 400 440  202 204 206 209 doublescan +hsync -vsync (24.7 kHz d)
[  2142.658] (II) modeset(0): Modeline "360x200"x85.0   17.75  360 378 414 468  200 200 202 223 doublescan -hsync +vsync (37.9 kHz d)
[  2142.658] (II) modeset(0): Modeline "320x200"x85.3   15.75  320 336 368 416  200 200 202 222 doublescan -hsync +vsync (37.9 kHz d)
[  2142.658] (II) modeset(0): Modeline "320x180"x59.8    9.00  320 332 360 400  180 181 184 188 doublescan -hsync +vsync (22.5 kHz d)
[  2142.658] (II) modeset(0): Modeline "320x180"x59.3    8.88  320 344 360 400  180 181 184 187 doublescan +hsync -vsync (22.2 kHz d)
[  2142.658] (II) modeset(0): Modeline "320x175"x85.3   15.75  320 336 368 416  175 191 192 222 doublescan +hsync -vsync (37.9 kHz d)
[  2142.658] (II) modeset(0): EDID for output HDMI-1
[  2142.658] (II) modeset(0): EDID for output DP-1
[  2142.658] (II) modeset(0): EDID for output DP-2
[  2142.658] (II) modeset(0): Output eDP-1 connected
[  2142.658] (II) modeset(0): Output HDMI-1 disconnected
[  2142.658] (II) modeset(0): Output DP-1 disconnected
[  2142.658] (II) modeset(0): Output DP-2 disconnected
[  2142.658] (II) modeset(0): Using exact sizes for initial modes
[  2142.658] (II) modeset(0): Output eDP-1 using initial mode 1920x1080 +0+0
[  2142.659] (==) modeset(0): Using gamma correction (1.0, 1.0, 1.0)
[  2142.659] (==) modeset(0): DPI set to (96, 96)
[  2142.659] (II) Loading sub module "fb"
[  2142.659] (II) LoadModule: "fb"
[  2142.659] (II) Module "fb" already built-in
[  2142.659] (==) modeset(G0): Depth 24, (==) framebuffer bpp 32
[  2142.659] (==) modeset(G0): RGB weight 888
[  2142.659] (==) modeset(G0): Default visual is TrueColor
[  2142.659] (II) Loading sub module "glamoregl"
[  2142.659] (II) LoadModule: "glamoregl"
[  2142.659] (II) Loading /usr/lib/xorg/modules/libglamoregl.so
[  2142.659] (II) Module glamoregl: vendor="X.Org Foundation"
[  2142.659] 	compiled for 1.21.1.7, module version = 1.0.1
[  2142.659] 	ABI class: X.Org ANSI C Emulation, version 0.4
[  2142.667] (II) modeset(G0): Refusing to try glamor on llvmpipe
[  2142.667] (II) modeset(G0): glamor initialization failed
[  2142.667] (II) modeset(G0): ShadowFB: preferred YES, enabled YES
[  2142.667] (II) modeset(G0): Double-buffered shadow updates: off
[  2142.732] (II) modeset(G0): Output HDMI-1-2 has no monitor section
[  2142.798] (II) modeset(G0): EDID for output HDMI-1-2
[  2142.798] (II) modeset(G0): Manufacturer: LEN  Model: 65fc  Serial#: 16843009
[  2142.798] (II) modeset(G0): Year: 2019  Week: 50
[  2142.798] (II) modeset(G0): EDID Version: 1.3
[  2142.798] (II) modeset(G0): Digital Display Input
[  2142.798] (II) modeset(G0): Max Image Size [cm]: horiz.: 60  vert.: 34
[  2142.798] (II) modeset(G0): Gamma: 2.20
[  2142.798] (II) modeset(G0): DPMS capabilities: Off
[  2142.798] (II) modeset(G0): Supported color encodings: RGB 4:4:4 YCrCb 4:4:4 
[  2142.798] (II) modeset(G0): Default color space is primary color space
[  2142.798] (II) modeset(G0): First detailed timing is preferred mode
[  2142.798] (II) modeset(G0): redX: 0.678 redY: 0.310   greenX: 0.267 greenY: 0.663
[  2142.798] (II) modeset(G0): blueX: 0.146 blueY: 0.056   whiteX: 0.313 whiteY: 0.329
[  2142.798] (II) modeset(G0): Supported established timings:
[  2142.798] (II) modeset(G0): 720x400@70Hz
[  2142.798] (II) modeset(G0): 640x480@60Hz
[  2142.798] (II) modeset(G0): 640x480@67Hz
[  2142.798] (II) modeset(G0): 640x480@72Hz
[  2142.798] (II) modeset(G0): 640x480@75Hz
[  2142.798] (II) modeset(G0): 800x600@60Hz
[  2142.798] (II) modeset(G0): 800x600@72Hz
[  2142.798] (II) modeset(G0): 800x600@75Hz
[  2142.798] (II) modeset(G0): 832x624@75Hz
[  2142.798] (II) modeset(G0): 1024x768@60Hz
[  2142.798] (II) modeset(G0): 1024x768@70Hz
[  2142.798] (II) modeset(G0): 1024x768@75Hz
[  2142.798] (II) modeset(G0): 1280x1024@75Hz
[  2142.798] (II) modeset(G0): Manufacturer's mask: 0
[  2142.798] (II) modeset(G0): Supported standard timings:
[  2142.798] (II) modeset(G0): #0: hsize: 1280  vsize 1024  refresh: 60  vid: 32897
[  2142.798] (II) modeset(G0): #1: hsize: 1440  vsize 900  refresh: 60  vid: 149
[  2142.798] (II) modeset(G0): #2: hsize: 1680  vsize 1050  refresh: 60  vid: 179
[  2142.798] (II) modeset(G0): #3: hsize: 1920  vsize 1080  refresh: 60  vid: 49361
[  2142.798] (II) modeset(G0): #4: hsize: 1920  vsize 1200  refresh: 60  vid: 209
[  2142.798] (II) modeset(G0): #5: hsize: 1152  vsize 864  refresh: 75  vid: 20337
[  2142.798] (II) modeset(G0): #6: hsize: 1280  vsize 1024  refresh: 70  vid: 35457
[  2142.798] (II) modeset(G0): Supported detailed timing:
[  2142.798] (II) modeset(G0): clock: 241.5 MHz   Image Size:  597 x 336 mm
[  2142.798] (II) modeset(G0): h_active: 2560  h_sync: 2608  h_sync_end 2640 h_blank_end 2720 h_border: 0
[  2142.798] (II) modeset(G0): v_active: 1440  v_sync: 1443  v_sync_end 1448 v_blanking: 1481 v_border: 0
[  2142.798] (II) modeset(G0): Serial No: U1608YAP
[  2142.798] (II) modeset(G0): Ranges: V min: 48 V max: 75 Hz, H min: 30 H max: 114 kHz, PixClock max 305 MHz
[  2142.798] (II) modeset(G0): Monitor name: LEN L27q-30
[  2142.798] (II) modeset(G0): Supported detailed timing:
[  2142.798] (II) modeset(G0): clock: 74.2 MHz   Image Size:  597 x 336 mm
[  2142.798] (II) modeset(G0): h_active: 1280  h_sync: 1390  h_sync_end 1430 h_blank_end 1650 h_border: 0
[  2142.798] (II) modeset(G0): v_active: 720  v_sync: 725  v_sync_end 730 v_blanking: 750 v_border: 0
[  2142.798] (II) modeset(G0): Supported detailed timing:
[  2142.798] (II) modeset(G0): clock: 27.0 MHz   Image Size:  597 x 336 mm
[  2142.798] (II) modeset(G0): h_active: 720  h_sync: 736  h_sync_end 798 h_blank_end 858 h_border: 0
[  2142.798] (II) modeset(G0): v_active: 480  v_sync: 489  v_sync_end 495 v_blanking: 525 v_border: 0
[  2142.798] (II) modeset(G0): Supported detailed timing:
[  2142.798] (II) modeset(G0): clock: 299.0 MHz   Image Size:  597 x 336 mm
[  2142.798] (II) modeset(G0): h_active: 2560  h_sync: 2608  h_sync_end 2640 h_blank_end 2720 h_border: 0
[  2142.798] (II) modeset(G0): v_active: 1440  v_sync: 1443  v_sync_end 1448 v_blanking: 1470 v_border: 0
[  2142.798] (II) modeset(G0): Number of EDID sections to follow: 1
[  2142.798] (II) modeset(G0): EDID (in hex):
[  2142.798] (II) modeset(G0): 	00ffffffffffff0030aefc6501010101
[  2142.798] (II) modeset(G0): 	321d0103803c22782e9755ad4f44a925
[  2142.798] (II) modeset(G0): 	0e5054bdef0081809500b300d1c0d100
[  2142.798] (II) modeset(G0): 	714f818a0101565e00a0a0a029503020
[  2142.799] (II) modeset(G0): 	350055502100001a000000ff00553136
[  2142.799] (II) modeset(G0): 	30385941500a20202020000000fd0030
[  2142.799] (II) modeset(G0): 	4b1e721e000a202020202020000000fc
[  2142.799] (II) modeset(G0): 	004c454e204c3237712d33300a200147
[  2142.799] (II) modeset(G0): 	020327f14b01020304051413901f1211
[  2142.799] (II) modeset(G0): 	230907078301000065030c001000681a
[  2142.799] (II) modeset(G0): 	00000101304b00011d007251d01e206e
[  2142.799] (II) modeset(G0): 	28550055502100001e8c0ad08a20e02d
[  2142.799] (II) modeset(G0): 	10103e9600555021000018cc7400a0a0
[  2142.799] (II) modeset(G0): 	a01e503020350055502100001a000000
[  2142.799] (II) modeset(G0): 	00000000000000000000000000000000
[  2142.799] (II) modeset(G0): 	000000000000000000000000000000af
[  2142.799] (II) modeset(G0): Not using default mode "1920x1080" (bad mode clock/interlace/doublescan)
[  2142.799] (II) modeset(G0): Not using default mode "2048x1152" (bad mode clock/interlace/doublescan)
[  2142.799] (II) modeset(G0): Printing probed modes for output HDMI-1-2
[  2142.799] (II) modeset(G0): Modeline "2560x1440"x60.0  241.50  2560 2608 2640 2720  1440 1443 1448 1481 +hsync -vsync (88.8 kHz eP)
[  2142.799] (II) modeset(G0): Modeline "2560x1440"x74.8  299.00  2560 2608 2640 2720  1440 1443 1448 1470 +hsync -vsync (109.9 kHz e)
[  2142.799] (II) modeset(G0): Modeline "1920x1440"x75.0  297.00  1920 2064 2288 2640  1440 1441 1444 1500 -hsync +vsync (112.5 kHz d)
[  2142.799] (II) modeset(G0): Modeline "1920x1440"x60.0  234.00  1920 2048 2256 2600  1440 1441 1444 1500 -hsync +vsync (90.0 kHz d)
[  2142.799] (II) modeset(G0): Modeline "1856x1392"x75.0  288.00  1856 1984 2208 2560  1392 1393 1396 1500 -hsync +vsync (112.5 kHz d)
[  2142.799] (II) modeset(G0): Modeline "1856x1392"x60.0  218.30  1856 1952 2176 2528  1392 1393 1396 1439 -hsync +vsync (86.4 kHz d)
[  2142.799] (II) modeset(G0): Modeline "1792x1344"x75.0  261.00  1792 1888 2104 2456  1344 1345 1348 1417 -hsync +vsync (106.3 kHz d)
[  2142.799] (II) modeset(G0): Modeline "1792x1344"x60.0  204.80  1792 1920 2120 2448  1344 1345 1348 1394 -hsync +vsync (83.7 kHz d)
[  2142.799] (II) modeset(G0): Modeline "2048x1152"x60.0  302.50  2048 2072 2088 2128  1152 1153 1156 1185 doublescan +hsync -vsync (142.2 kHz d)
[  2142.799] (II) modeset(G0): Modeline "2048x1152"x59.9  197.00  2048 2184 2400 2752  1152 1155 1160 1195 -hsync +vsync (71.6 kHz d)
[  2142.799] (II) modeset(G0): Modeline "2048x1152"x59.9  156.75  2048 2096 2128 2208  1152 1155 1160 1185 +hsync -vsync (71.0 kHz d)
[  2142.799] (II) modeset(G0): Modeline "1920x1200"x59.9  193.25  1920 2056 2256 2592  1200 1203 1209 1245 -hsync +vsync (74.6 kHz d)
[  2142.799] (II) modeset(G0): Modeline "1920x1200"x60.0  154.00  1920 1968 2000 2080  1200 1203 1209 1235 +hsync -vsync (74.0 kHz e)
[  2142.799] (II) modeset(G0): Modeline "1920x1080"x60.0  266.50  1920 1944 1960 2000  1080 1081 1084 1111 doublescan +hsync -vsync (133.2 kHz d)
[  2142.799] (II) modeset(G0): Modeline "1920x1080"x60.0  173.00  1920 2048 2248 2576  1080 1083 1088 1120 -hsync +vsync (67.2 kHz d)
[  2142.799] (II) modeset(G0): Modeline "1920x1080"x60.0  148.50  1920 2008 2052 2200  1080 1084 1089 1125 -hsync -vsync (67.5 kHz e)
[  2142.799] (II) modeset(G0): Modeline "1920x1080"x60.0  148.50  1920 2008 2052 2200  1080 1084 1089 1125 +hsync +vsync (67.5 kHz e)
[  2142.799] (II) modeset(G0): Modeline "1920x1080"x50.0  148.50  1920 2448 2492 2640  1080 1084 1089 1125 +hsync +vsync (56.2 kHz e)
[  2142.799] (II) modeset(G0): Modeline "1920x1080"x59.9  148.35  1920 2008 2052 2200  1080 1084 1089 1125 +hsync +vsync (67.4 kHz e)
[  2142.799] (II) modeset(G0): Modeline "1920x1080"x59.9  138.50  1920 1968 2000 2080  1080 1083 1088 1111 +hsync -vsync (66.6 kHz d)
[  2142.799] (II) modeset(G0): Modeline "1600x1200"x75.0  202.50  1600 1664 1856 2160  1200 1201 1204 1250 +hsync +vsync (93.8 kHz d)
[  2142.799] (II) modeset(G0): Modeline "1600x1200"x70.0  189.00  1600 1664 1856 2160  1200 1201 1204 1250 +hsync +vsync (87.5 kHz d)
[  2142.799] (II) modeset(G0): Modeline "1600x1200"x65.0  175.50  1600 1664 1856 2160  1200 1201 1204 1250 +hsync +vsync (81.2 kHz d)
[  2142.799] (II) modeset(G0): Modeline "1600x1200"x60.0  162.00  1600 1664 1856 2160  1200 1201 1204 1250 +hsync +vsync (75.0 kHz d)
[  2142.799] (II) modeset(G0): Modeline "1680x1050"x60.0  146.25  1680 1784 1960 2240  1050 1053 1059 1089 -hsync +vsync (65.3 kHz d)
[  2142.799] (II) modeset(G0): Modeline "1680x1050"x59.9  119.00  1680 1728 1760 1840  1050 1053 1059 1080 +hsync -vsync (64.7 kHz e)
[  2142.799] (II) modeset(G0): Modeline "1400x1050"x74.8  155.80  1400 1464 1784 1912  1050 1052 1064 1090 +hsync +vsync (81.5 kHz d)
[  2142.799] (II) modeset(G0): Modeline "1400x1050"x60.0  122.00  1400 1488 1640 1880  1050 1052 1064 1082 +hsync +vsync (64.9 kHz d)
[  2142.799] (II) modeset(G0): Modeline "1600x900"x60.0  246.00  1600 1728 1900 2200  900 901 904 932 doublescan -hsync +vsync (111.8 kHz d)
[  2142.799] (II) modeset(G0): Modeline "1600x900"x59.9  186.50  1600 1624 1640 1680  900 901 904 926 doublescan +hsync -vsync (111.0 kHz d)
[  2142.799] (II) modeset(G0): Modeline "1600x900"x59.9  118.25  1600 1696 1856 2112  900 903 908 934 -hsync +vsync (56.0 kHz d)
[  2142.799] (II) modeset(G0): Modeline "1600x900"x59.8   97.50  1600 1648 1680 1760  900 903 908 926 +hsync -vsync (55.4 kHz d)
[  2142.799] (II) modeset(G0): Modeline "1280x1024"x75.0  135.00  1280 1296 1440 1688  1024 1025 1028 1066 +hsync +vsync (80.0 kHz e)
[  2142.799] (II) modeset(G0): Modeline "1280x1024"x60.0  108.00  1280 1328 1440 1688  1024 1025 1028 1066 +hsync +vsync (64.0 kHz e)
[  2142.799] (II) modeset(G0): Modeline "1440x900"x59.9   88.75  1440 1488 1520 1600  900 903 909 926 +hsync -vsync (55.5 kHz e)
[  2142.799] (II) modeset(G0): Modeline "1400x900"x60.0  103.50  1400 1480 1624 1848  900 903 913 934 -hsync +vsync (56.0 kHz d)
[  2142.799] (II) modeset(G0): Modeline "1400x900"x59.9   86.50  1400 1448 1480 1560  900 903 913 926 +hsync -vsync (55.4 kHz d)
[  2142.799] (II) modeset(G0): Modeline "1280x960"x60.0  108.00  1280 1376 1488 1800  960 961 964 1000 +hsync +vsync (60.0 kHz d)
[  2142.799] (II) modeset(G0): Modeline "1440x810"x60.0  198.12  1440 1548 1704 1968  810 811 814 839 doublescan -hsync +vsync (100.7 kHz d)
[  2142.799] (II) modeset(G0): Modeline "1440x810"x60.0  151.88  1440 1464 1480 1520  810 811 814 833 doublescan +hsync -vsync (99.9 kHz d)
[  2142.799] (II) modeset(G0): Modeline "1368x768"x59.9   85.25  1368 1440 1576 1784  768 771 781 798 -hsync +vsync (47.8 kHz d)
[  2142.799] (II) modeset(G0): Modeline "1368x768"x59.9   72.25  1368 1416 1448 1528  768 771 781 790 +hsync -vsync (47.3 kHz d)
[  2142.799] (II) modeset(G0): Modeline "1280x800"x60.0  174.25  1280 1380 1516 1752  800 801 804 829 doublescan -hsync +vsync (99.5 kHz d)
[  2142.799] (II) modeset(G0): Modeline "1280x800"x60.0  134.25  1280 1304 1320 1360  800 801 804 823 doublescan +hsync -vsync (98.7 kHz d)
[  2142.799] (II) modeset(G0): Modeline "1280x800"x59.8   83.50  1280 1352 1480 1680  800 803 809 831 -hsync +vsync (49.7 kHz d)
[  2142.799] (II) modeset(G0): Modeline "1280x800"x59.9   71.00  1280 1328 1360 1440  800 803 809 823 +hsync -vsync (49.3 kHz d)
[  2142.799] (II) modeset(G0): Modeline "1152x864"x75.0  108.00  1152 1216 1344 1600  864 865 868 900 +hsync +vsync (67.5 kHz e)
[  2142.799] (II) modeset(G0): Modeline "1280x720"x60.0  156.12  1280 1376 1512 1744  720 721 724 746 doublescan -hsync +vsync (89.5 kHz d)
[  2142.799] (II) modeset(G0): Modeline "1280x720"x60.0  120.75  1280 1304 1320 1360  720 721 724 740 doublescan +hsync -vsync (88.8 kHz d)
[  2142.799] (II) modeset(G0): Modeline "1280x720"x59.9   74.50  1280 1344 1472 1664  720 723 728 748 -hsync +vsync (44.8 kHz d)
[  2142.799] (II) modeset(G0): Modeline "1280x720"x60.0   74.25  1280 1390 1430 1650  720 725 730 750 +hsync +vsync (45.0 kHz e)
[  2142.799] (II) modeset(G0): Modeline "1280x720"x50.0   74.25  1280 1720 1760 1980  720 725 730 750 +hsync +vsync (37.5 kHz e)
[  2142.799] (II) modeset(G0): Modeline "1280x720"x59.9   74.18  1280 1390 1430 1650  720 725 730 750 +hsync +vsync (45.0 kHz e)
[  2142.799] (II) modeset(G0): Modeline "1280x720"x59.7   63.75  1280 1328 1360 1440  720 723 728 741 +hsync -vsync (44.3 kHz d)
[  2142.799] (II) modeset(G0): Modeline "1024x768"x75.0  170.24  1024 1108 1220 1416  768 768 770 801 doublescan -hsync +vsync (120.2 kHz d)
[  2142.799] (II) modeset(G0): Modeline "1024x768"x60.0  133.47  1024 1100 1212 1400  768 768 770 794 doublescan -hsync +vsync (95.3 kHz d)
[  2142.799] (II) modeset(G0): Modeline "1024x768"x75.0   78.75  1024 1040 1136 1312  768 769 772 800 +hsync +vsync (60.0 kHz e)
[  2142.799] (II) modeset(G0): Modeline "1024x768"x70.1   75.00  1024 1048 1184 1328  768 771 777 806 -hsync -vsync (56.5 kHz e)
[  2142.799] (II) modeset(G0): Modeline "1024x768"x60.0   65.00  1024 1048 1184 1344  768 771 777 806 -hsync -vsync (48.4 kHz e)
[  2142.799] (II) modeset(G0): Modeline "960x720"x75.0  148.50  960 1032 1144 1320  720 720 722 750 doublescan -hsync +vsync (112.5 kHz d)
[  2142.799] (II) modeset(G0): Modeline "960x720"x60.0  117.00  960 1024 1128 1300  720 720 722 750 doublescan -hsync +vsync (90.0 kHz d)
[  2142.799] (II) modeset(G0): Modeline "928x696"x75.0  144.00  928 992 1104 1280  696 696 698 750 doublescan -hsync +vsync (112.5 kHz d)
[  2142.799] (II) modeset(G0): Modeline "928x696"x60.1  109.15  928 976 1088 1264  696 696 698 719 doublescan -hsync +vsync (86.4 kHz d)
[  2142.799] (II) modeset(G0): Modeline "896x672"x75.0  130.50  896 944 1052 1228  672 672 674 708 doublescan -hsync +vsync (106.3 kHz d)
[  2142.799] (II) modeset(G0): Modeline "896x672"x60.0  102.40  896 960 1060 1224  672 672 674 697 doublescan -hsync +vsync (83.7 kHz d)
[  2142.799] (II) modeset(G0): Modeline "1024x576"x60.0   98.50  1024 1092 1200 1376  576 577 580 597 doublescan -hsync +vsync (71.6 kHz d)
[  2142.799] (II) modeset(G0): Modeline "1024x576"x60.0   78.38  1024 1048 1064 1104  576 577 580 592 doublescan +hsync -vsync (71.0 kHz d)
[  2142.799] (II) modeset(G0): Modeline "1024x576"x59.9   46.50  1024 1064 1160 1296  576 579 584 599 -hsync +vsync (35.9 kHz d)
[  2142.799] (II) modeset(G0): Modeline "1024x576"x59.8   42.00  1024 1072 1104 1184  576 579 584 593 +hsync -vsync (35.5 kHz d)
[  2142.799] (II) modeset(G0): Modeline "960x600"x59.9   96.62  960 1028 1128 1296  600 601 604 622 doublescan -hsync +vsync (74.6 kHz d)
[  2142.799] (II) modeset(G0): Modeline "960x600"x60.0   77.00  960 984 1000 1040  600 601 604 617 doublescan +hsync -vsync (74.0 kHz d)
[  2142.799] (II) modeset(G0): Modeline "832x624"x74.6   57.28  832 864 928 1152  624 625 628 667 -hsync -vsync (49.7 kHz e)
[  2142.799] (II) modeset(G0): Modeline "960x540"x60.0   86.50  960 1024 1124 1288  540 541 544 560 doublescan -hsync +vsync (67.2 kHz d)
[  2142.799] (II) modeset(G0): Modeline "960x540"x60.0   69.25  960 984 1000 1040  540 541 544 555 doublescan +hsync -vsync (66.6 kHz d)
[  2142.799] (II) modeset(G0): Modeline "960x540"x59.6   40.75  960 992 1088 1216  540 543 548 562 -hsync +vsync (33.5 kHz d)
[  2142.799] (II) modeset(G0): Modeline "960x540"x59.8   37.25  960 1008 1040 1120  540 543 548 556 +hsync -vsync (33.3 kHz d)
[  2142.799] (II) modeset(G0): Modeline "800x600"x75.0  101.25  800 832 928 1080  600 600 602 625 doublescan +hsync +vsync (93.8 kHz d)
[  2142.799] (II) modeset(G0): Modeline "800x600"x70.0   94.50  800 832 928 1080  600 600 602 625 doublescan +hsync +vsync (87.5 kHz d)
[  2142.799] (II) modeset(G0): Modeline "800x600"x65.0   87.75  800 832 928 1080  600 600 602 625 doublescan +hsync +vsync (81.2 kHz d)
[  2142.799] (II) modeset(G0): Modeline "800x600"x60.0   81.00  800 832 928 1080  600 600 602 625 doublescan +hsync +vsync (75.0 kHz d)
[  2142.799] (II) modeset(G0): Modeline "800x600"x72.2   50.00  800 856 976 1040  600 637 643 666 +hsync +vsync (48.1 kHz e)
[  2142.799] (II) modeset(G0): Modeline "800x600"x75.0   49.50  800 816 896 1056  600 601 604 625 +hsync +vsync (46.9 kHz e)
[  2142.799] (II) modeset(G0): Modeline "800x600"x60.3   40.00  800 840 968 1056  600 601 605 628 +hsync +vsync (37.9 kHz e)
[  2142.799] (II) modeset(G0): Modeline "800x600"x56.2   36.00  800 824 896 1024  600 601 603 625 +hsync +vsync (35.2 kHz d)
[  2142.799] (II) modeset(G0): Modeline "840x525"x60.0   73.12  840 892 980 1120  525 526 529 544 doublescan -hsync +vsync (65.3 kHz d)
[  2142.799] (II) modeset(G0): Modeline "840x525"x59.9   59.50  840 864 880 920  525 526 529 540 doublescan +hsync -vsync (64.7 kHz d)
[  2142.799] (II) modeset(G0): Modeline "864x486"x59.9   32.50  864 888 968 1072  486 489 494 506 -hsync +vsync (30.3 kHz d)
[  2142.799] (II) modeset(G0): Modeline "864x486"x59.6   30.50  864 912 944 1024  486 489 494 500 +hsync -vsync (29.8 kHz d)
[  2142.799] (II) modeset(G0): Modeline "720x576"x50.0   27.00  720 732 796 864  576 581 586 625 -hsync -vsync (31.2 kHz e)
[  2142.799] (II) modeset(G0): Modeline "700x525"x74.8   77.90  700 732 892 956  525 526 532 545 doublescan +hsync +vsync (81.5 kHz d)
[  2142.799] (II) modeset(G0): Modeline "700x525"x60.0   61.00  700 744 820 940  525 526 532 541 doublescan +hsync +vsync (64.9 kHz d)
[  2142.799] (II) modeset(G0): Modeline "800x450"x59.9   59.12  800 848 928 1056  450 451 454 467 doublescan -hsync +vsync (56.0 kHz d)
[  2142.799] (II) modeset(G0): Modeline "800x450"x59.8   48.75  800 824 840 880  450 451 454 463 doublescan +hsync -vsync (55.4 kHz d)
[  2142.799] (II) modeset(G0): Modeline "720x480"x60.0   27.03  720 736 798 858  480 489 495 525 -hsync -vsync (31.5 kHz e)
[  2142.799] (II) modeset(G0): Modeline "720x480"x59.9   27.00  720 736 798 858  480 489 495 525 -hsync -vsync (31.5 kHz e)
[  2142.799] (II) modeset(G0): Modeline "640x512"x75.0   67.50  640 648 720 844  512 512 514 533 doublescan +hsync +vsync (80.0 kHz d)
[  2142.799] (II) modeset(G0): Modeline "640x512"x60.0   54.00  640 664 720 844  512 512 514 533 doublescan +hsync +vsync (64.0 kHz d)
[  2142.799] (II) modeset(G0): Modeline "700x450"x60.0   51.75  700 740 812 924  450 451 456 467 doublescan -hsync +vsync (56.0 kHz d)
[  2142.799] (II) modeset(G0): Modeline "700x450"x59.9   43.25  700 724 740 780  450 451 456 463 doublescan +hsync -vsync (55.4 kHz d)
[  2142.799] (II) modeset(G0): Modeline "640x480"x60.0   54.00  640 688 744 900  480 480 482 500 doublescan +hsync +vsync (60.0 kHz d)
[  2142.799] (II) modeset(G0): Modeline "640x480"x75.0   31.50  640 656 720 840  480 481 484 500 -hsync -vsync (37.5 kHz e)
[  2142.799] (II) modeset(G0): Modeline "640x480"x72.8   31.50  640 664 704 832  480 489 492 520 -hsync -vsync (37.9 kHz e)
[  2142.799] (II) modeset(G0): Modeline "640x480"x75.0   31.50  640 656 720 840  480 481 484 500 -hsync -vsync (37.5 kHz d)
[  2142.799] (II) modeset(G0): Modeline "640x480"x66.7   30.24  640 704 768 864  480 483 486 525 -hsync -vsync (35.0 kHz e)
[  2142.799] (II) modeset(G0): Modeline "640x480"x60.0   25.20  640 656 752 800  480 490 492 525 -hsync -vsync (31.5 kHz e)
[  2142.799] (II) modeset(G0): Modeline "640x480"x59.9   25.18  640 656 752 800  480 490 492 525 -hsync -vsync (31.5 kHz e)
[  2142.799] (II) modeset(G0): Modeline "720x405"x59.5   22.50  720 744 808 896  405 408 413 422 -hsync +vsync (25.1 kHz d)
[  2142.799] (II) modeset(G0): Modeline "720x405"x59.0   21.75  720 768 800 880  405 408 413 419 +hsync -vsync (24.7 kHz d)
[  2142.799] (II) modeset(G0): Modeline "720x400"x70.1   28.32  720 738 846 900  400 412 414 449 -hsync +vsync (31.5 kHz e)
[  2142.799] (II) modeset(G0): Modeline "684x384"x59.9   42.62  684 720 788 892  384 385 390 399 doublescan -hsync +vsync (47.8 kHz d)
[  2142.799] (II) modeset(G0): Modeline "684x384"x59.9   36.12  684 708 724 764  384 385 390 395 doublescan +hsync -vsync (47.3 kHz d)
[  2142.799] (II) modeset(G0): Modeline "640x400"x59.9   41.75  640 676 740 840  400 401 404 415 doublescan -hsync +vsync (49.7 kHz d)
[  2142.799] (II) modeset(G0): Modeline "640x400"x60.0   35.50  640 664 680 720  400 401 404 411 doublescan +hsync -vsync (49.3 kHz d)
[  2142.799] (II) modeset(G0): Modeline "576x432"x75.0   54.00  576 608 672 800  432 432 434 450 doublescan +hsync +vsync (67.5 kHz d)
[  2142.799] (II) modeset(G0): Modeline "640x360"x59.9   37.25  640 672 736 832  360 361 364 374 doublescan -hsync +vsync (44.8 kHz d)
[  2142.799] (II) modeset(G0): Modeline "640x360"x59.8   31.88  640 664 680 720  360 361 364 370 doublescan +hsync -vsync (44.3 kHz d)
[  2142.799] (II) modeset(G0): Modeline "640x360"x59.8   18.00  640 664 720 800  360 363 368 376 -hsync +vsync (22.5 kHz d)
[  2142.799] (II) modeset(G0): Modeline "640x360"x59.3   17.75  640 688 720 800  360 363 368 374 +hsync -vsync (22.2 kHz d)
[  2142.799] (II) modeset(G0): Modeline "512x384"x75.0   39.38  512 520 568 656  384 384 386 400 doublescan +hsync +vsync (60.0 kHz d)
[  2142.799] (II) modeset(G0): Modeline "512x384"x70.1   37.50  512 524 592 664  384 385 388 403 doublescan -hsync -vsync (56.5 kHz d)
[  2142.799] (II) modeset(G0): Modeline "512x384"x60.0   32.50  512 524 592 672  384 385 388 403 doublescan -hsync -vsync (48.4 kHz d)
[  2142.799] (II) modeset(G0): Modeline "512x288"x60.0   23.25  512 532 580 648  288 289 292 299 doublescan -hsync +vsync (35.9 kHz d)
[  2142.799] (II) modeset(G0): Modeline "512x288"x59.9   21.00  512 536 552 592  288 289 292 296 doublescan +hsync -vsync (35.5 kHz d)
[  2142.799] (II) modeset(G0): Modeline "416x312"x74.7   28.64  416 432 464 576  312 312 314 333 doublescan -hsync -vsync (49.7 kHz d)
[  2142.799] (II) modeset(G0): Modeline "480x270"x59.6   20.38  480 496 544 608  270 271 274 281 doublescan -hsync +vsync (33.5 kHz d)
[  2142.799] (II) modeset(G0): Modeline "480x270"x59.8   18.62  480 504 520 560  270 271 274 278 doublescan +hsync -vsync (33.3 kHz d)
[  2142.799] (II) modeset(G0): Modeline "400x300"x72.2   25.00  400 428 488 520  300 318 321 333 doublescan +hsync +vsync (48.1 kHz d)
[  2142.800] (II) modeset(G0): Modeline "400x300"x75.1   24.75  400 408 448 528  300 300 302 312 doublescan +hsync +vsync (46.9 kHz d)
[  2142.800] (II) modeset(G0): Modeline "400x300"x60.3   20.00  400 420 484 528  300 300 302 314 doublescan +hsync +vsync (37.9 kHz d)
[  2142.800] (II) modeset(G0): Modeline "400x300"x56.3   18.00  400 412 448 512  300 300 301 312 doublescan +hsync +vsync (35.2 kHz d)
[  2142.800] (II) modeset(G0): Modeline "432x243"x59.9   16.25  432 444 484 536  243 244 247 253 doublescan -hsync +vsync (30.3 kHz d)
[  2142.800] (II) modeset(G0): Modeline "432x243"x59.6   15.25  432 456 472 512  243 244 247 250 doublescan +hsync -vsync (29.8 kHz d)
[  2142.800] (II) modeset(G0): Modeline "320x240"x72.8   15.75  320 332 352 416  240 244 246 260 doublescan -hsync -vsync (37.9 kHz d)
[  2142.800] (II) modeset(G0): Modeline "320x240"x75.0   15.75  320 328 360 420  240 240 242 250 doublescan -hsync -vsync (37.5 kHz d)
[  2142.800] (II) modeset(G0): Modeline "320x240"x60.1   12.59  320 328 376 400  240 245 246 262 doublescan -hsync -vsync (31.5 kHz d)
[  2142.800] (II) modeset(G0): Modeline "360x202"x59.5   11.25  360 372 404 448  202 204 206 211 doublescan -hsync +vsync (25.1 kHz d)
[  2142.800] (II) modeset(G0): Modeline "360x202"x59.1   10.88  360 384 400 440  202 204 206 209 doublescan +hsync -vsync (24.7 kHz d)
[  2142.800] (II) modeset(G0): Modeline "320x180"x59.8    9.00  320 332 360 400  180 181 184 188 doublescan -hsync +vsync (22.5 kHz d)
[  2142.800] (II) modeset(G0): Modeline "320x180"x59.3    8.88  320 344 360 400  180 181 184 187 doublescan +hsync -vsync (22.2 kHz d)
[  2142.800] (==) modeset(G0): Using gamma correction (1.0, 1.0, 1.0)
[  2142.800] (==) modeset(G0): DPI set to (96, 96)
[  2142.800] (II) Loading sub module "fb"
[  2142.800] (II) LoadModule: "fb"
[  2142.800] (II) Module "fb" already built-in
[  2142.800] (II) Loading sub module "shadow"
[  2142.800] (II) LoadModule: "shadow"
[  2142.800] (II) Loading /usr/lib/xorg/modules/libshadow.so
[  2142.801] (II) Module shadow: vendor="X.Org Foundation"
[  2142.801] 	compiled for 1.21.1.7, module version = 1.1.0
[  2142.801] 	ABI class: X.Org ANSI C Emulation, version 0.4
[  2142.801] (II) UnloadModule: "fbdev"
[  2142.801] (II) Unloading fbdev
[  2142.801] (II) UnloadSubModule: "fbdevhw"
[  2142.801] (II) Unloading fbdevhw
[  2142.801] (II) UnloadModule: "vesa"
[  2142.801] (II) Unloading vesa
[  2142.809] (==) modeset(0): Backing store enabled
[  2142.809] (==) modeset(0): Silken mouse enabled
[  2142.832] (II) modeset(0): Initializing kms color map for depth 24, 8 bpc.
[  2142.832] (==) modeset(0): DPMS enabled
[  2142.833] (II) modeset(0): [DRI2] Setup complete
[  2142.833] (II) modeset(0): [DRI2]   DRI driver: iris
[  2142.833] (II) modeset(0): [DRI2]   VDPAU driver: va_gl
[  2142.833] (==) modeset(G0): Backing store enabled
[  2142.833] (==) modeset(G0): Silken mouse enabled
[  2142.844] (II) modeset(G0): Initializing kms color map for depth 24, 8 bpc.
[  2142.844] (==) modeset(G0): DPMS enabled
[  2142.844] (II) Initializing extension Generic Event Extension
[  2142.844] (II) Initializing extension SHAPE
[  2142.844] (II) Initializing extension MIT-SHM
[  2142.844] (II) Initializing extension XInputExtension
[  2142.845] (II) Initializing extension XTEST
[  2142.845] (II) Initializing extension BIG-REQUESTS
[  2142.845] (II) Initializing extension SYNC
[  2142.845] (II) Initializing extension XKEYBOARD
[  2142.845] (II) Initializing extension XC-MISC
[  2142.845] (II) Initializing extension SECURITY
[  2142.846] (II) Initializing extension XFIXES
[  2142.846] (II) Initializing extension RENDER
[  2142.846] (II) Initializing extension RANDR
[  2142.846] (II) Initializing extension COMPOSITE
[  2142.846] (II) Initializing extension DAMAGE
[  2142.846] (II) Initializing extension MIT-SCREEN-SAVER
[  2142.846] (II) Initializing extension DOUBLE-BUFFER
[  2142.846] (II) Initializing extension RECORD
[  2142.846] (II) Initializing extension DPMS
[  2142.846] (II) Initializing extension Present
[  2142.846] (II) Initializing extension DRI3
[  2142.846] (II) Initializing extension X-Resource
[  2142.846] (II) Initializing extension XVideo
[  2142.846] (II) Initializing extension XVideo-MotionCompensation
[  2142.846] (II) Initializing extension SELinux
[  2142.846] (II) SELinux: Disabled on system
[  2142.846] (II) Initializing extension GLX
[  2142.850] (II) AIGLX: Loaded and initialized iris
[  2142.850] (II) GLX: Initialized DRI2 GL provider for screen 0
[  2142.850] (II) Initializing extension XFree86-VidModeExtension
[  2142.850] (II) Initializing extension XFree86-DGA
[  2142.850] (II) Initializing extension XFree86-DRI
[  2142.850] (II) Initializing extension DRI2
[  2142.878] (II) modeset(G0): Damage tracking initialized
[  2142.878] (II) modeset(0): Damage tracking initialized
[  2142.878] (II) modeset(0): Setting screen physical size to 508 x 285
[  2142.902] (II) config/udev: Adding input device Power Button (/dev/input/event4)
[  2142.902] (**) Power Button: Applying InputClass "libinput keyboard catchall"
[  2142.902] (II) LoadModule: "libinput"
[  2142.902] (II) Loading /usr/lib/xorg/modules/input/libinput_drv.so
[  2142.904] (II) Module libinput: vendor="X.Org Foundation"
[  2142.904] 	compiled for 1.21.1.3, module version = 1.2.1
[  2142.904] 	Module class: X.Org XInput Driver
[  2142.904] 	ABI class: X.Org XInput driver, version 24.4
[  2142.904] (II) Using input driver 'libinput' for 'Power Button'
[  2142.905] (II) systemd-logind: got fd for /dev/input/event4 13:68 fd 30 paused 0
[  2142.905] (**) Power Button: always reports core events
[  2142.905] (**) Option "Device" "/dev/input/event4"
[  2142.906] (II) event4  - Power Button: is tagged by udev as: Keyboard
[  2142.906] (II) event4  - Power Button: device is a keyboard
[  2142.906] (II) event4  - Power Button: device removed
[  2142.906] (**) Option "config_info" "udev:/sys/devices/LNXSYSTM:00/LNXPWRBN:00/input/input4/event4"
[  2142.906] (II) XINPUT: Adding extended input device "Power Button" (type: KEYBOARD, id 6)
[  2142.906] (**) Option "xkb_model" "pc105"
[  2142.906] (**) Option "xkb_layout" "us"
[  2142.906] (II) event4  - Power Button: is tagged by udev as: Keyboard
[  2142.906] (II) event4  - Power Button: device is a keyboard
[  2142.907] (II) config/udev: Adding input device Asus Wireless Radio Control (/dev/input/event13)
[  2142.907] (**) Asus Wireless Radio Control: Applying InputClass "libinput keyboard catchall"
[  2142.907] (II) Using input driver 'libinput' for 'Asus Wireless Radio Control'
[  2142.932] (II) systemd-logind: got fd for /dev/input/event13 13:77 fd 33 paused 0
[  2142.932] (**) Asus Wireless Radio Control: always reports core events
[  2142.932] (**) Option "Device" "/dev/input/event13"
[  2142.933] (II) event13 - Asus Wireless Radio Control: is tagged by udev as: Keyboard
[  2142.933] (II) event13 - Asus Wireless Radio Control: device is a keyboard
[  2142.934] (II) event13 - Asus Wireless Radio Control: device removed
[  2142.934] (**) Option "config_info" "udev:/sys/devices/LNXSYSTM:00/LNXSYBUS:00/ATK4002:00/input/input15/event13"
[  2142.934] (II) XINPUT: Adding extended input device "Asus Wireless Radio Control" (type: KEYBOARD, id 7)
[  2142.934] (**) Option "xkb_model" "pc105"
[  2142.934] (**) Option "xkb_layout" "us"
[  2142.935] (II) event13 - Asus Wireless Radio Control: is tagged by udev as: Keyboard
[  2142.935] (II) event13 - Asus Wireless Radio Control: device is a keyboard
[  2142.936] (II) config/udev: Adding input device Video Bus (/dev/input/event12)
[  2142.936] (**) Video Bus: Applying InputClass "libinput keyboard catchall"
[  2142.936] (II) Using input driver 'libinput' for 'Video Bus'
[  2142.937] (II) systemd-logind: got fd for /dev/input/event12 13:76 fd 34 paused 0
[  2142.937] (**) Video Bus: always reports core events
[  2142.937] (**) Option "Device" "/dev/input/event12"
[  2142.937] (II) event12 - Video Bus: is tagged by udev as: Keyboard
[  2142.937] (II) event12 - Video Bus: device is a keyboard
[  2142.938] (II) event12 - Video Bus: device removed
[  2142.938] (**) Option "config_info" "udev:/sys/devices/LNXSYSTM:00/LNXSYBUS:00/PNP0A08:00/LNXVIDEO:01/input/input14/event12"
[  2142.938] (II) XINPUT: Adding extended input device "Video Bus" (type: KEYBOARD, id 8)
[  2142.938] (**) Option "xkb_model" "pc105"
[  2142.938] (**) Option "xkb_layout" "us"
[  2142.938] (II) event12 - Video Bus: is tagged by udev as: Keyboard
[  2142.939] (II) event12 - Video Bus: device is a keyboard
[  2142.939] (II) config/udev: Adding input device Video Bus (/dev/input/event11)
[  2142.939] (**) Video Bus: Applying InputClass "libinput keyboard catchall"
[  2142.939] (II) Using input driver 'libinput' for 'Video Bus'
[  2142.940] (II) systemd-logind: got fd for /dev/input/event11 13:75 fd 35 paused 0
[  2142.940] (**) Video Bus: always reports core events
[  2142.940] (**) Option "Device" "/dev/input/event11"
[  2142.940] (II) event11 - Video Bus: is tagged by udev as: Keyboard
[  2142.940] (II) event11 - Video Bus: device is a keyboard
[  2142.941] (II) event11 - Video Bus: device removed
[  2142.941] (**) Option "config_info" "udev:/sys/devices/LNXSYSTM:00/LNXSYBUS:00/PNP0A08:00/device:06/LNXVIDEO:00/input/input13/event11"
[  2142.941] (II) XINPUT: Adding extended input device "Video Bus" (type: KEYBOARD, id 9)
[  2142.941] (**) Option "xkb_model" "pc105"
[  2142.941] (**) Option "xkb_layout" "us"
[  2142.941] (II) event11 - Video Bus: is tagged by udev as: Keyboard
[  2142.942] (II) event11 - Video Bus: device is a keyboard
[  2142.942] (II) config/udev: Adding input device Lid Switch (/dev/input/event1)
[  2142.942] (II) No input driver specified, ignoring this device.
[  2142.942] (II) This device may have been added with another device file.
[  2142.943] (II) config/udev: Adding input device Power Button (/dev/input/event3)
[  2142.943] (**) Power Button: Applying InputClass "libinput keyboard catchall"
[  2142.943] (II) Using input driver 'libinput' for 'Power Button'
[  2142.943] (II) systemd-logind: got fd for /dev/input/event3 13:67 fd 36 paused 0
[  2142.943] (**) Power Button: always reports core events
[  2142.943] (**) Option "Device" "/dev/input/event3"
[  2142.944] (II) event3  - Power Button: is tagged by udev as: Keyboard
[  2142.944] (II) event3  - Power Button: device is a keyboard
[  2142.944] (II) event3  - Power Button: device removed
[  2142.944] (**) Option "config_info" "udev:/sys/devices/LNXSYSTM:00/LNXSYBUS:00/PNP0C0C:00/input/input3/event3"
[  2142.944] (II) XINPUT: Adding extended input device "Power Button" (type: KEYBOARD, id 10)
[  2142.944] (**) Option "xkb_model" "pc105"
[  2142.944] (**) Option "xkb_layout" "us"
[  2142.945] (II) event3  - Power Button: is tagged by udev as: Keyboard
[  2142.945] (II) event3  - Power Button: device is a keyboard
[  2142.945] (II) config/udev: Adding input device Sleep Button (/dev/input/event2)
[  2142.945] (**) Sleep Button: Applying InputClass "libinput keyboard catchall"
[  2142.945] (II) Using input driver 'libinput' for 'Sleep Button'
[  2142.945] (II) systemd-logind: got fd for /dev/input/event2 13:66 fd 37 paused 0
[  2142.946] (**) Sleep Button: always reports core events
[  2142.946] (**) Option "Device" "/dev/input/event2"
[  2142.946] (II) event2  - Sleep Button: is tagged by udev as: Keyboard
[  2142.946] (II) event2  - Sleep Button: device is a keyboard
[  2142.946] (II) event2  - Sleep Button: device removed
[  2142.946] (**) Option "config_info" "udev:/sys/devices/LNXSYSTM:00/LNXSYBUS:00/PNP0C0E:00/input/input2/event2"
[  2142.946] (II) XINPUT: Adding extended input device "Sleep Button" (type: KEYBOARD, id 11)
[  2142.946] (**) Option "xkb_model" "pc105"
[  2142.946] (**) Option "xkb_layout" "us"
[  2142.947] (II) event2  - Sleep Button: is tagged by udev as: Keyboard
[  2142.947] (II) event2  - Sleep Button: device is a keyboard
[  2142.947] (II) config/udev: Adding input device HDA NVidia HDMI/DP,pcm=3 (/dev/input/event16)
[  2142.947] (II) No input driver specified, ignoring this device.
[  2142.947] (II) This device may have been added with another device file.
[  2142.947] (II) config/udev: Adding input device HDA NVidia HDMI/DP,pcm=7 (/dev/input/event17)
[  2142.947] (II) No input driver specified, ignoring this device.
[  2142.947] (II) This device may have been added with another device file.
[  2142.947] (II) config/udev: Adding input device HDA NVidia HDMI/DP,pcm=8 (/dev/input/event18)
[  2142.947] (II) No input driver specified, ignoring this device.
[  2142.947] (II) This device may have been added with another device file.
[  2142.948] (II) config/udev: Adding input device HDA NVidia HDMI/DP,pcm=9 (/dev/input/event19)
[  2142.948] (II) No input driver specified, ignoring this device.
[  2142.948] (II) This device may have been added with another device file.
[  2142.948] (II) config/udev: Adding input device Wooting Wooting 80HE (/dev/input/event7)
[  2142.948] (**) Wooting Wooting 80HE: Applying InputClass "libinput keyboard catchall"
[  2142.948] (II) Using input driver 'libinput' for 'Wooting Wooting 80HE'
[  2142.948] (II) systemd-logind: got fd for /dev/input/event7 13:71 fd 38 paused 0
[  2142.948] (**) Wooting Wooting 80HE: always reports core events
[  2142.948] (**) Option "Device" "/dev/input/event7"
[  2142.949] (II) event7  - Wooting Wooting 80HE: is tagged by udev as: Keyboard
[  2142.949] (II) event7  - Wooting Wooting 80HE: device is a keyboard
[  2142.949] (II) event7  - Wooting Wooting 80HE: device removed
[  2142.949] (**) Option "config_info" "udev:/sys/devices/pci0000:00/0000:00:14.0/usb3/3-3/3-3:1.1/0003:31E3:1402.0003/input/input9/event7"
[  2142.949] (II) XINPUT: Adding extended input device "Wooting Wooting 80HE" (type: KEYBOARD, id 12)
[  2142.949] (**) Option "xkb_model" "pc105"
[  2142.949] (**) Option "xkb_layout" "us"
[  2142.950] (II) event7  - Wooting Wooting 80HE: is tagged by udev as: Keyboard
[  2142.950] (II) event7  - Wooting Wooting 80HE: device is a keyboard
[  2142.950] (II) config/udev: Adding input device Wooting Wooting 80HE System Control (/dev/input/event8)
[  2142.950] (**) Wooting Wooting 80HE System Control: Applying InputClass "libinput keyboard catchall"
[  2142.950] (II) Using input driver 'libinput' for 'Wooting Wooting 80HE System Control'
[  2142.950] (II) systemd-logind: got fd for /dev/input/event8 13:72 fd 39 paused 0
[  2142.950] (**) Wooting Wooting 80HE System Control: always reports core events
[  2142.950] (**) Option "Device" "/dev/input/event8"
[  2142.951] (II) event8  - Wooting Wooting 80HE System Control: is tagged by udev as: Keyboard
[  2142.951] (II) event8  - Wooting Wooting 80HE System Control: device is a keyboard
[  2142.951] (II) event8  - Wooting Wooting 80HE System Control: device removed
[  2142.951] (**) Option "config_info" "udev:/sys/devices/pci0000:00/0000:00:14.0/usb3/3-3/3-3:1.3/0003:31E3:1402.0005/input/input10/event8"
[  2142.951] (II) XINPUT: Adding extended input device "Wooting Wooting 80HE System Control" (type: KEYBOARD, id 13)
[  2142.951] (**) Option "xkb_model" "pc105"
[  2142.951] (**) Option "xkb_layout" "us"
[  2142.952] (II) event8  - Wooting Wooting 80HE System Control: is tagged by udev as: Keyboard
[  2142.952] (II) event8  - Wooting Wooting 80HE System Control: device is a keyboard
[  2142.952] (II) config/udev: Adding input device Wooting Wooting 80HE Consumer Control (/dev/input/event9)
[  2142.952] (**) Wooting Wooting 80HE Consumer Control: Applying InputClass "libinput keyboard catchall"
[  2142.952] (II) Using input driver 'libinput' for 'Wooting Wooting 80HE Consumer Control'
[  2142.953] (II) systemd-logind: got fd for /dev/input/event9 13:73 fd 40 paused 0
[  2142.953] (**) Wooting Wooting 80HE Consumer Control: always reports core events
[  2142.953] (**) Option "Device" "/dev/input/event9"
[  2142.953] (II) event9  - Wooting Wooting 80HE Consumer Control: is tagged by udev as: Keyboard
[  2142.953] (II) event9  - Wooting Wooting 80HE Consumer Control: device is a keyboard
[  2142.953] (II) event9  - Wooting Wooting 80HE Consumer Control: device removed
[  2142.953] (II) libinput: Wooting Wooting 80HE Consumer Control: needs a virtual subdevice
[  2142.953] (**) Option "config_info" "udev:/sys/devices/pci0000:00/0000:00:14.0/usb3/3-3/3-3:1.3/0003:31E3:1402.0005/input/input11/event9"
[  2142.953] (II) XINPUT: Adding extended input device "Wooting Wooting 80HE Consumer Control" (type: MOUSE, id 14)
[  2142.953] (**) Option "AccelerationScheme" "none"
[  2142.953] (**) Wooting Wooting 80HE Consumer Control: (accel) selected scheme none/0
[  2142.953] (**) Wooting Wooting 80HE Consumer Control: (accel) acceleration factor: 2.000
[  2142.953] (**) Wooting Wooting 80HE Consumer Control: (accel) acceleration threshold: 4
[  2142.954] (II) event9  - Wooting Wooting 80HE Consumer Control: is tagged by udev as: Keyboard
[  2142.954] (II) event9  - Wooting Wooting 80HE Consumer Control: device is a keyboard
[  2142.954] (II) config/udev: Adding input device Wooting Wooting 80HE Mouse (/dev/input/event10)
[  2142.954] (**) Wooting Wooting 80HE Mouse: Applying InputClass "libinput pointer catchall"
[  2142.954] (II) Using input driver 'libinput' for 'Wooting Wooting 80HE Mouse'
[  2142.955] (II) systemd-logind: got fd for /dev/input/event10 13:74 fd 41 paused 0
[  2142.955] (**) Wooting Wooting 80HE Mouse: always reports core events
[  2142.955] (**) Option "Device" "/dev/input/event10"
[  2142.955] (II) event10 - Wooting Wooting 80HE Mouse: is tagged by udev as: Mouse
[  2142.955] (II) event10 - Wooting Wooting 80HE Mouse: device is a pointer
[  2142.956] (II) event10 - Wooting Wooting 80HE Mouse: device removed
[  2142.956] (**) Option "config_info" "udev:/sys/devices/pci0000:00/0000:00:14.0/usb3/3-3/3-3:1.3/0003:31E3:1402.0005/input/input12/event10"
[  2142.956] (II) XINPUT: Adding extended input device "Wooting Wooting 80HE Mouse" (type: MOUSE, id 15)
[  2142.956] (**) Option "AccelerationScheme" "none"
[  2142.956] (**) Wooting Wooting 80HE Mouse: (accel) selected scheme none/0
[  2142.956] (**) Wooting Wooting 80HE Mouse: (accel) acceleration factor: 2.000
[  2142.956] (**) Wooting Wooting 80HE Mouse: (accel) acceleration threshold: 4
[  2142.956] (II) event10 - Wooting Wooting 80HE Mouse: is tagged by udev as: Mouse
[  2142.956] (II) event10 - Wooting Wooting 80HE Mouse: device is a pointer
[  2142.957] (II) config/udev: Adding input device Wooting Wooting 80HE Mouse (/dev/input/mouse2)
[  2142.957] (II) No input driver specified, ignoring this device.
[  2142.957] (II) This device may have been added with another device file.
[  2142.957] (II) config/udev: Adding input device Glorious Model D (/dev/input/event25)
[  2142.957] (**) Glorious Model D: Applying InputClass "libinput pointer catchall"
[  2142.957] (II) Using input driver 'libinput' for 'Glorious Model D'
[  2142.957] (II) systemd-logind: got fd for /dev/input/event25 13:89 fd 42 paused 0
[  2142.957] (**) Glorious Model D: always reports core events
[  2142.957] (**) Option "Device" "/dev/input/event25"
[  2142.958] (II) event25 - Glorious Model D: is tagged by udev as: Mouse
[  2142.958] (II) event25 - Glorious Model D: device is a pointer
[  2142.958] (II) event25 - Glorious Model D: device removed
[  2142.958] (**) Option "config_info" "udev:/sys/devices/pci0000:00/0000:00:14.0/usb3/3-4/3-4:1.0/0003:258A:0033.0007/input/input30/event25"
[  2142.958] (II) XINPUT: Adding extended input device "Glorious Model D" (type: MOUSE, id 16)
[  2142.958] (**) Option "AccelerationScheme" "none"
[  2142.958] (**) Glorious Model D: (accel) selected scheme none/0
[  2142.958] (**) Glorious Model D: (accel) acceleration factor: 2.000
[  2142.958] (**) Glorious Model D: (accel) acceleration threshold: 4
[  2142.958] (II) event25 - Glorious Model D: is tagged by udev as: Mouse
[  2142.959] (II) event25 - Glorious Model D: device is a pointer
[  2142.959] (II) config/udev: Adding input device Glorious Model D (/dev/input/mouse3)
[  2142.959] (II) No input driver specified, ignoring this device.
[  2142.959] (II) This device may have been added with another device file.
[  2142.959] (II) config/udev: Adding input device Glorious Model D Keyboard (/dev/input/event26)
[  2142.959] (**) Glorious Model D Keyboard: Applying InputClass "libinput keyboard catchall"
[  2142.959] (II) Using input driver 'libinput' for 'Glorious Model D Keyboard'
[  2142.959] (II) systemd-logind: got fd for /dev/input/event26 13:90 fd 43 paused 0
[  2142.959] (**) Glorious Model D Keyboard: always reports core events
[  2142.959] (**) Option "Device" "/dev/input/event26"
[  2142.960] (II) event26 - Glorious Model D Keyboard: is tagged by udev as: Keyboard
[  2142.960] (II) event26 - Glorious Model D Keyboard: device is a keyboard
[  2142.960] (II) event26 - Glorious Model D Keyboard: device removed
[  2142.960] (**) Option "config_info" "udev:/sys/devices/pci0000:00/0000:00:14.0/usb3/3-4/3-4:1.1/0003:258A:0033.0008/input/input31/event26"
[  2142.960] (II) XINPUT: Adding extended input device "Glorious Model D Keyboard" (type: KEYBOARD, id 17)
[  2142.960] (**) Option "xkb_model" "pc105"
[  2142.960] (**) Option "xkb_layout" "us"
[  2142.961] (II) event26 - Glorious Model D Keyboard: is tagged by udev as: Keyboard
[  2142.961] (II) event26 - Glorious Model D Keyboard: device is a keyboard
[  2142.961] (II) config/udev: Adding input device ELAN1205:00 04F3:30E9 Mouse (/dev/input/event5)
[  2142.961] (**) ELAN1205:00 04F3:30E9 Mouse: Applying InputClass "libinput pointer catchall"
[  2142.961] (II) Using input driver 'libinput' for 'ELAN1205:00 04F3:30E9 Mouse'
[  2142.961] (II) systemd-logind: got fd for /dev/input/event5 13:69 fd 44 paused 0
[  2142.961] (**) ELAN1205:00 04F3:30E9 Mouse: always reports core events
[  2142.961] (**) Option "Device" "/dev/input/event5"
[  2142.962] (II) event5  - ELAN1205:00 04F3:30E9 Mouse: is tagged by udev as: Mouse Pointingstick
[  2142.962] (II) event5  - ELAN1205:00 04F3:30E9 Mouse: device is a pointer
[  2142.963] (II) event5  - ELAN1205:00 04F3:30E9 Mouse: device removed
[  2142.963] (**) Option "config_info" "udev:/sys/devices/pci0000:00/0000:00:15.1/i2c_designware.1/i2c-2/i2c-ELAN1205:00/0018:04F3:30E9.0001/input/input7/event5"
[  2142.963] (II) XINPUT: Adding extended input device "ELAN1205:00 04F3:30E9 Mouse" (type: MOUSE, id 18)
[  2142.963] (**) Option "AccelerationScheme" "none"
[  2142.963] (**) ELAN1205:00 04F3:30E9 Mouse: (accel) selected scheme none/0
[  2142.963] (**) ELAN1205:00 04F3:30E9 Mouse: (accel) acceleration factor: 2.000
[  2142.963] (**) ELAN1205:00 04F3:30E9 Mouse: (accel) acceleration threshold: 4
[  2142.964] (II) event5  - ELAN1205:00 04F3:30E9 Mouse: is tagged by udev as: Mouse Pointingstick
[  2142.964] (II) event5  - ELAN1205:00 04F3:30E9 Mouse: device is a pointer
[  2142.965] (II) config/udev: Adding input device ELAN1205:00 04F3:30E9 Mouse (/dev/input/mouse0)
[  2142.965] (II) No input driver specified, ignoring this device.
[  2142.965] (II) This device may have been added with another device file.
[  2142.966] (II) config/udev: Adding input device ELAN1205:00 04F3:30E9 Touchpad (/dev/input/event6)
[  2142.966] (**) ELAN1205:00 04F3:30E9 Touchpad: Applying InputClass "libinput touchpad catchall"
[  2142.966] (II) Using input driver 'libinput' for 'ELAN1205:00 04F3:30E9 Touchpad'
[  2142.966] (II) systemd-logind: got fd for /dev/input/event6 13:70 fd 45 paused 0
[  2142.966] (**) ELAN1205:00 04F3:30E9 Touchpad: always reports core events
[  2142.966] (**) Option "Device" "/dev/input/event6"
[  2142.966] (II) event6  - ELAN1205:00 04F3:30E9 Touchpad: is tagged by udev as: Touchpad
[  2142.967] (II) event6  - ELAN1205:00 04F3:30E9 Touchpad: device is a touchpad
[  2142.967] (II) event6  - ELAN1205:00 04F3:30E9 Touchpad: device removed
[  2142.967] (**) Option "config_info" "udev:/sys/devices/pci0000:00/0000:00:15.1/i2c_designware.1/i2c-2/i2c-ELAN1205:00/0018:04F3:30E9.0001/input/input8/event6"
[  2142.967] (II) XINPUT: Adding extended input device "ELAN1205:00 04F3:30E9 Touchpad" (type: TOUCHPAD, id 19)
[  2142.968] (**) Option "AccelerationScheme" "none"
[  2142.968] (**) ELAN1205:00 04F3:30E9 Touchpad: (accel) selected scheme none/0
[  2142.968] (**) ELAN1205:00 04F3:30E9 Touchpad: (accel) acceleration factor: 2.000
[  2142.968] (**) ELAN1205:00 04F3:30E9 Touchpad: (accel) acceleration threshold: 4
[  2142.969] (II) event6  - ELAN1205:00 04F3:30E9 Touchpad: is tagged by udev as: Touchpad
[  2142.969] (II) event6  - ELAN1205:00 04F3:30E9 Touchpad: device is a touchpad
[  2142.970] (II) config/udev: Adding input device ELAN1205:00 04F3:30E9 Touchpad (/dev/input/mouse1)
[  2142.970] (II) No input driver specified, ignoring this device.
[  2142.970] (II) This device may have been added with another device file.
[  2142.970] (II) config/udev: Adding input device HDA Intel PCH Headphone (/dev/input/event20)
[  2142.970] (II) No input driver specified, ignoring this device.
[  2142.970] (II) This device may have been added with another device file.
[  2142.970] (II) config/udev: Adding input device HDA Intel PCH HDMI/DP,pcm=3 (/dev/input/event21)
[  2142.970] (II) No input driver specified, ignoring this device.
[  2142.970] (II) This device may have been added with another device file.
[  2142.970] (II) config/udev: Adding input device HDA Intel PCH HDMI/DP,pcm=7 (/dev/input/event22)
[  2142.970] (II) No input driver specified, ignoring this device.
[  2142.970] (II) This device may have been added with another device file.
[  2142.970] (II) config/udev: Adding input device HDA Intel PCH HDMI/DP,pcm=8 (/dev/input/event23)
[  2142.970] (II) No input driver specified, ignoring this device.
[  2142.970] (II) This device may have been added with another device file.
[  2142.970] (II) config/udev: Adding input device HDA Intel PCH HDMI/DP,pcm=9 (/dev/input/event24)
[  2142.970] (II) No input driver specified, ignoring this device.
[  2142.970] (II) This device may have been added with another device file.
[  2142.970] (II) config/udev: Adding input device Asus WMI hotkeys (/dev/input/event15)
[  2142.970] (**) Asus WMI hotkeys: Applying InputClass "libinput keyboard catchall"
[  2142.970] (II) Using input driver 'libinput' for 'Asus WMI hotkeys'
[  2142.971] (II) systemd-logind: got fd for /dev/input/event15 13:79 fd 46 paused 0
[  2142.971] (**) Asus WMI hotkeys: always reports core events
[  2142.971] (**) Option "Device" "/dev/input/event15"
[  2142.971] (II) event15 - Asus WMI hotkeys: is tagged by udev as: Keyboard
[  2142.971] (II) event15 - Asus WMI hotkeys: device is a keyboard
[  2142.971] (II) event15 - Asus WMI hotkeys: device removed
[  2142.971] (**) Option "config_info" "udev:/sys/devices/platform/asus-nb-wmi/input/input17/event15"
[  2142.971] (II) XINPUT: Adding extended input device "Asus WMI hotkeys" (type: KEYBOARD, id 20)
[  2142.971] (**) Option "xkb_model" "pc105"
[  2142.971] (**) Option "xkb_layout" "us"
[  2142.972] (II) event15 - Asus WMI hotkeys: is tagged by udev as: Keyboard
[  2142.972] (II) event15 - Asus WMI hotkeys: device is a keyboard
[  2142.972] (II) config/udev: Adding input device AT Translated Set 2 keyboard (/dev/input/event0)
[  2142.972] (**) AT Translated Set 2 keyboard: Applying InputClass "libinput keyboard catchall"
[  2142.972] (II) Using input driver 'libinput' for 'AT Translated Set 2 keyboard'
[  2142.972] (II) systemd-logind: got fd for /dev/input/event0 13:64 fd 47 paused 0
[  2142.972] (**) AT Translated Set 2 keyboard: always reports core events
[  2142.972] (**) Option "Device" "/dev/input/event0"
[  2142.973] (II) event0  - AT Translated Set 2 keyboard: is tagged by udev as: Keyboard
[  2142.973] (II) event0  - AT Translated Set 2 keyboard: device is a keyboard
[  2142.973] (II) event0  - AT Translated Set 2 keyboard: device removed
[  2142.973] (**) Option "config_info" "udev:/sys/devices/platform/i8042/serio0/input/input0/event0"
[  2142.973] (II) XINPUT: Adding extended input device "AT Translated Set 2 keyboard" (type: KEYBOARD, id 21)
[  2142.973] (**) Option "xkb_model" "pc105"
[  2142.973] (**) Option "xkb_layout" "us"
[  2142.974] (II) event0  - AT Translated Set 2 keyboard: is tagged by udev as: Keyboard
[  2142.974] (II) event0  - AT Translated Set 2 keyboard: device is a keyboard
[  2142.975] (II) config/udev: Adding input device PC Speaker (/dev/input/event14)
[  2142.975] (II) No input driver specified, ignoring this device.
[  2142.975] (II) This device may have been added with another device file.
[  2142.982] (**) Wooting Wooting 80HE Consumer Control: Applying InputClass "libinput keyboard catchall"
[  2142.982] (II) Using input driver 'libinput' for 'Wooting Wooting 80HE Consumer Control'
[  2142.982] (II) systemd-logind: returning pre-existing fd for /dev/input/event9 13:73
[  2142.982] (**) Wooting Wooting 80HE Consumer Control: always reports core events
[  2142.982] (**) Option "Device" "/dev/input/event9"
[  2142.982] (II) libinput: Wooting Wooting 80HE Consumer Control: is a virtual subdevice
[  2142.982] (**) Option "config_info" "udev:/sys/devices/pci0000:00/0000:00:14.0/usb3/3-3/3-3:1.3/0003:31E3:1402.0005/input/input11/event9"
[  2142.982] (II) XINPUT: Adding extended input device "Wooting Wooting 80HE Consumer Control" (type: KEYBOARD, id 22)
[  2142.982] (**) Option "xkb_model" "pc105"
[  2142.982] (**) Option "xkb_layout" "us"
[  2147.352] (II) modeset(0): EDID vendor "SHP", prod id 5426
[  2147.353] (II) modeset(0): Using EDID range info for horizontal sync
[  2147.353] (II) modeset(0): Using EDID range info for vertical refresh
[  2147.353] (II) modeset(0): Printing DDC gathered Modelines:
[  2147.353] (II) modeset(0): Modeline "1920x1080"x0.0  533.28  1920 1944 1984 2000  1080 1083 1088 1111 -hsync -vsync (266.6 kHz eP)
[  2147.353] (II) modeset(0): Modeline "1920x1080"x0.0  133.32  1920 1944 1984 2000  1080 1083 1088 1111 -hsync -vsync (66.7 kHz e)
[  2147.354] (II) modeset(0): EDID vendor "SHP", prod id 5426
[  2147.354] (II) modeset(0): Using hsync ranges from config file
[  2147.354] (II) modeset(0): Using vrefresh ranges from config file
[  2147.354] (II) modeset(0): Printing DDC gathered Modelines:
[  2147.354] (II) modeset(0): Modeline "1920x1080"x0.0  533.28  1920 1944 1984 2000  1080 1083 1088 1111 -hsync -vsync (266.6 kHz eP)
[  2147.354] (II) modeset(0): Modeline "1920x1080"x0.0  133.32  1920 1944 1984 2000  1080 1083 1088 1111 -hsync -vsync (66.7 kHz e)
[  2153.503] (II) modeset(0): EDID vendor "SHP", prod id 5426
[  2153.503] (II) modeset(0): Using hsync ranges from config file
[  2153.503] (II) modeset(0): Using vrefresh ranges from config file
[  2153.503] (II) modeset(0): Printing DDC gathered Modelines:
[  2153.503] (II) modeset(0): Modeline "1920x1080"x0.0  533.28  1920 1944 1984 2000  1080 1083 1088 1111 -hsync -vsync (266.6 kHz eP)
[  2153.503] (II) modeset(0): Modeline "1920x1080"x0.0  133.32  1920 1944 1984 2000  1080 1083 1088 1111 -hsync -vsync (66.7 kHz e)
[  2153.505] (II) modeset(0): EDID vendor "SHP", prod id 5426
[  2153.505] (II) modeset(0): Using hsync ranges from config file
[  2153.505] (II) modeset(0): Using vrefresh ranges from config file
[  2153.505] (II) modeset(0): Printing DDC gathered Modelines:
[  2153.505] (II) modeset(0): Modeline "1920x1080"x0.0  533.28  1920 1944 1984 2000  1080 1083 1088 1111 -hsync -vsync (266.6 kHz eP)
[  2153.505] (II) modeset(0): Modeline "1920x1080"x0.0  133.32  1920 1944 1984 2000  1080 1083 1088 1111 -hsync -vsync (66.7 kHz e)
[  2213.350] (**) Option "fd" "30"
[  2213.350] (II) event4  - Power Button: device removed
[  2213.351] (**) Option "fd" "33"
[  2213.351] (II) event13 - Asus Wireless Radio Control: device removed
[  2213.351] (**) Option "fd" "34"
[  2213.351] (II) event12 - Video Bus: device removed
[  2213.351] (**) Option "fd" "35"
[  2213.351] (II) event11 - Video Bus: device removed
[  2213.351] (**) Option "fd" "36"
[  2213.351] (II) event3  - Power Button: device removed
[  2213.351] (**) Option "fd" "37"
[  2213.351] (II) event2  - Sleep Button: device removed
[  2213.351] (**) Option "fd" "38"
[  2213.351] (II) event7  - Wooting Wooting 80HE: device removed
[  2213.351] (**) Option "fd" "39"
[  2213.351] (II) event8  - Wooting Wooting 80HE System Control: device removed
[  2213.351] (**) Option "fd" "40"
[  2213.351] (**) Option "fd" "41"
[  2213.351] (II) event10 - Wooting Wooting 80HE Mouse: device removed
[  2213.351] (**) Option "fd" "42"
[  2213.351] (II) event25 - Glorious Model D: device removed
[  2213.351] (**) Option "fd" "43"
[  2213.351] (II) event26 - Glorious Model D Keyboard: device removed
[  2213.351] (**) Option "fd" "44"
[  2213.351] (II) event5  - ELAN1205:00 04F3:30E9 Mouse: device removed
[  2213.351] (**) Option "fd" "45"
[  2213.351] (II) event6  - ELAN1205:00 04F3:30E9 Touchpad: device removed
[  2213.351] (**) Option "fd" "46"
[  2213.351] (II) event15 - Asus WMI hotkeys: device removed
[  2213.352] (**) Option "fd" "47"
[  2213.352] (II) event0  - AT Translated Set 2 keyboard: device removed
[  2213.352] (**) Option "fd" "40"
[  2213.352] (II) event9  - Wooting Wooting 80HE Consumer Control: device removed
[  2213.357] (II) UnloadModule: "libinput"
[  2213.357] (II) systemd-logind: not releasing fd for 13:73, still in use
[  2213.357] (II) UnloadModule: "libinput"
[  2213.357] (II) systemd-logind: releasing fd for 13:64
[  2213.384] (II) UnloadModule: "libinput"
[  2213.384] (II) systemd-logind: releasing fd for 13:79
[  2213.456] (II) UnloadModule: "libinput"
[  2213.456] (II) systemd-logind: releasing fd for 13:70
[  2213.500] (II) UnloadModule: "libinput"
[  2213.500] (II) systemd-logind: releasing fd for 13:69
[  2213.588] (II) UnloadModule: "libinput"
[  2213.588] (II) systemd-logind: releasing fd for 13:90
[  2213.616] (II) UnloadModule: "libinput"
[  2213.616] (II) systemd-logind: releasing fd for 13:89
[  2213.672] (II) UnloadModule: "libinput"
[  2213.672] (II) systemd-logind: releasing fd for 13:74
[  2213.732] (II) UnloadModule: "libinput"
[  2213.732] (II) systemd-logind: releasing fd for 13:73
[  2213.756] (II) UnloadModule: "libinput"
[  2213.756] (II) systemd-logind: releasing fd for 13:72
[  2213.788] (II) UnloadModule: "libinput"
[  2213.788] (II) systemd-logind: releasing fd for 13:71
[  2213.808] (II) UnloadModule: "libinput"
[  2213.808] (II) systemd-logind: releasing fd for 13:66
[  2213.836] (II) UnloadModule: "libinput"
[  2213.836] (II) systemd-logind: releasing fd for 13:67
[  2213.864] (II) UnloadModule: "libinput"
[  2213.864] (II) systemd-logind: releasing fd for 13:75
[  2213.912] (II) UnloadModule: "libinput"
[  2213.912] (II) systemd-logind: releasing fd for 13:76
[  2213.960] (II) UnloadModule: "libinput"
[  2213.960] (II) systemd-logind: releasing fd for 13:77
[  2213.962] (II) UnloadModule: "libinput"
[  2213.962] (II) systemd-logind: releasing fd for 13:68
[  2214.389] (WW) xf86CloseConsole: KDSETMODE failed: Input/output error
[  2214.389] (WW) xf86CloseConsole: VT_GETMODE failed: Input/output error
[  2214.403] (II) Server terminated successfully (0). Closing log file.
