[00:13:58.634][info] [#0:/home/user/.local/share/nvim/mason/packages/lua-language-server/libexec/main.lua:68]: Lua Lsp startup, root: 	/home/user/.local/share/nvim/mason/packages/lua-language-server/libexec
[00:13:58.634][info] [#0:/home/user/.local/share/nvim/mason/packages/lua-language-server/libexec/main.lua:69]: ROOT:	/home/user/.local/share/nvim/mason/packages/lua-language-server/libexec
[00:13:58.634][info] [#0:/home/user/.local/share/nvim/mason/packages/lua-language-server/libexec/main.lua:70]: LOGPATH:	/home/user/.local/share/nvim/mason/packages/lua-language-server/libexec/log
[00:13:58.634][info] [#0:/home/user/.local/share/nvim/mason/packages/lua-language-server/libexec/main.lua:71]: METAPATH:	/home/user/.local/share/nvim/mason/packages/lua-language-server/libexec/meta
[00:13:58.634][info] [#0:/home/user/.local/share/nvim/mason/packages/lua-language-server/libexec/main.lua:72]: VERSION:	3.13.9
[00:13:58.653][info] [#0:script/proto/proto.lua:260]: Listen Mode: stdio
[00:13:58.653][info] [#0:script/service/service.lua:145]: 
========= Medical Examination Report =========
    --------------- Memory ---------------
        Total: 2.258 MB
        # 00 : 2.257 MB
        # 01 : 0.000 MB
        # 02 : 0.000 MB
        # 03 : 0.000 MB
        # 04 : 0.000 MB
    --------------- Coroutine ---------------
        Total:     0
        Running:   0
        Suspended: 0
        Normal:    0
        Dead:      0
    --------------- Cache ---------------
        Total: 1
        Dead:  0
    ---------------  RPC  ---------------
        Holdon:   0
        Waiting:  0
==============================================
[00:13:58.859][info] [#0:script/client.lua:657]: Client init	{
  capabilities = {
    general = {
      positionEncodings = { "utf-16" }
    },
    textDocument = {
      callHierarchy = {
        dynamicRegistration = false
      },
      codeAction = {
        codeActionLiteralSupport = {
          codeActionKind = {
            valueSet = { "", "quickfix", "refactor", "refactor.extract", "refactor.inline", "refactor.rewrite", "source", "source.organizeImports" }
          }
        },
        dataSupport = true,
        dynamicRegistration = true,
        isPreferredSupport = true,
        resolveSupport = {
          properties = { "edit" }
        }
      },
      completion = {
        completionItem = {
          commitCharactersSupport = false,
          deprecatedSupport = true,
          documentationFormat = { "markdown", "plaintext" },
          insertReplaceSupport = true,
          insertTextModeSupport = {
            valueSet = { 1 }
          },
          labelDetailsSupport = true,
          preselectSupport = false,
          resolveSupport = {
            properties = { "documentation", "detail", "additionalTextEdits", "command", "data" }
          },
          snippetSupport = true,
          tagSupport = {
            valueSet = { 1 }
          }
        },
        completionItemKind = {
          valueSet = { 1, 2, 3, 4, 5, 6, 7, 8, 9, 10, 11, 12, 13, 14, 15, 16, 17, 18, 19, 20, 21, 22, 23, 24, 25 }
        },
        completionList = {
          itemDefaults = { "commitCharacters", "editRange", "insertTextFormat", "insertTextMode", "data" }
        },
        contextSupport = true,
        dynamicRegistration = false,
        insertTextMode = 1
      },
      declaration = {
        linkSupport = true
      },
      definition = {
        dynamicRegistration = true,
        linkSupport = true
      },
      diagnostic = {
        dynamicRegistration = false
      },
      documentHighlight = {
        dynamicRegistration = false
      },
      documentSymbol = {
        dynamicRegistration = false,
        hierarchicalDocumentSymbolSupport = true,
        symbolKind = {
          valueSet = { 1, 2, 3, 4, 5, 6, 7, 8, 9, 10, 11, 12, 13, 14, 15, 16, 17, 18, 19, 20, 21, 22, 23, 24, 25, 26 }
        }
      },
      formatting = {
        dynamicRegistration = true
      },
      hover = {
        contentFormat = { "markdown", "plaintext" },
        dynamicRegistration = true
      },
      implementation = {
        linkSupport = true
      },
      inlayHint = {
        dynamicRegistration = true,
        resolveSupport = {
          properties = { "textEdits", "tooltip", "location", "command" }
        }
      },
      publishDiagnostics = {
        dataSupport = true,
        relatedInformation = true,
        tagSupport = {
          valueSet = { 1, 2 }
        }
      },
      rangeFormatting = {
        dynamicRegistration = true
      },
      references = {
        dynamicRegistration = false
      },
      rename = {
        dynamicRegistration = true,
        prepareSupport = true
      },
      semanticTokens = {
        augmentsSyntaxTokens = true,
        dynamicRegistration = false,
        formats = { "relative" },
        multilineTokenSupport = false,
        overlappingTokenSupport = true,
        requests = {
          full = {
            delta = true
          },
          range = false
        },
        serverCancelSupport = false,
        tokenModifiers = { "declaration", "definition", "readonly", "static", "deprecated", "abstract", "async", "modification", "documentation", "defaultLibrary" },
        tokenTypes = { "namespace", "type", "class", "enum", "interface", "struct", "typeParameter", "parameter", "variable", "property", "enumMember", "event", "function", "method", "macro", "keyword", "modifier", "comment", "string", "number", "regexp", "operator", "decorator" }
      },
      signatureHelp = {
        dynamicRegistration = false,
        signatureInformation = {
          activeParameterSupport = true,
          documentationFormat = { "markdown", "plaintext" },
          parameterInformation = {
            labelOffsetSupport = true
          }
        }
      },
      synchronization = {
        didSave = true,
        dynamicRegistration = false,
        willSave = true,
        willSaveWaitUntil = true
      },
      typeDefinition = {
        linkSupport = true
      }
    },
    window = {
      showDocument = {
        support = true
      },
      showMessage = {
        messageActionItem = {
          additionalPropertiesSupport = false
        }
      },
      workDoneProgress = true
    },
    workspace = {
      applyEdit = true,
      configuration = true,
      didChangeConfiguration = {
        dynamicRegistration = false
      },
      didChangeWatchedFiles = {
        dynamicRegistration = false,
        relativePatternSupport = true
      },
      fileOperations = {
        didRename = true,
        willRename = true
      },
      inlayHint = {
        refreshSupport = true
      },
      semanticTokens = {
        refreshSupport = true
      },
      symbol = {
        dynamicRegistration = false,
        symbolKind = {
          valueSet = { 1, 2, 3, 4, 5, 6, 7, 8, 9, 10, 11, 12, 13, 14, 15, 16, 17, 18, 19, 20, 21, 22, 23, 24, 25, 26 }
        }
      },
      workspaceEdit = {
        resourceOperations = { "rename", "create", "delete" }
      },
      workspaceFolders = true
    }
  },
  clientInfo = {
    name = "Neovim",
    version = "0.10.4+ge96f75a4e6"
  },
  initializationOptions = {},
  processId = 67906,
  rootPath = "/home/user/.config/wezterm",
  rootUri = "file:///home/user/.config/wezterm",
  trace = "off",
  workDoneToken = "1",
  workspaceFolders = { {
      name = "/home/user/.config/wezterm",
      uri = "file:///home/user/.config/wezterm"
    } }
}
[00:13:58.859][info] [#0:script/language.lua:137]: VSC language: nil
[00:13:58.859][info] [#0:script/language.lua:138]: LS  language: en-us
[00:13:58.859][info] [#0:script/workspace/workspace.lua:38]: Workspace init root: 	file:///home/user/.config/wezterm
[00:13:58.859][info] [#0:script/workspace/workspace.lua:42]: Log path: 	/home/user/.local/share/nvim/mason/packages/lua-language-server/libexec/log/file_home_user_.config_wezterm.log
[00:13:58.860][info] [#0:script/workspace/workspace.lua:48]: Workspace create: 	file:///home/user/.config/wezterm
[00:13:58.968][info] [#0:script/provider/provider.lua:49]: Load config from client	file:///home/user/.config/wezterm
[00:13:58.968][info] [#0:script/provider/provider.lua:50]: {
  Lua = {
    codeLens = {
      enable = true
    },
    completion = {
      callSnippet = "Replace"
    },
    doc = {
      privateName = { "^_" }
    },
    hint = {
      arrayIndex = "Disable",
      enable = true,
      paramName = "Disable",
      paramType = true,
      semicolon = "Disable",
      setType = false
    },
    runtime = {
      path = { "?.lua", "?/init.lua" },
      pathStrict = true,
      version = "LuaJIT"
    },
    workspace = {
      checkThirdParty = false,
      ignoreDir = { "/lua" },
      library = { "/opt/nvim-linux-x86_64/share/nvim/runtime/lua" }
    }
  }
}
[00:13:58.969][info] [#0:script/provider/provider.lua:56]: Load config from .luarc.json/.luarc.jsonc	file:///home/user/.config/wezterm
[00:13:58.969][info] [#0:script/provider/provider.lua:57]: {
  ["hint.enable"] = true,
  ["runtime.version"] = "5.4",
  ["workspace.checkThirdParty"] = false
}
[00:13:59.070][info] [#0:script/provider/provider.lua:49]: Load config from client	file:///home/user/.config/wezterm
[00:13:59.070][info] [#0:script/provider/provider.lua:50]: {
  Lua = {
    codeLens = {
      enable = true
    },
    completion = {
      callSnippet = "Replace"
    },
    doc = {
      privateName = { "^_" }
    },
    hint = {
      arrayIndex = "Disable",
      enable = true,
      paramName = "Disable",
      paramType = true,
      semicolon = "Disable",
      setType = false
    },
    runtime = {
      path = { "?.lua", "?/init.lua" },
      pathStrict = true,
      version = "LuaJIT"
    },
    workspace = {
      checkThirdParty = false,
      ignoreDir = { "/lua" },
      library = { "/opt/nvim-linux-x86_64/share/nvim/runtime/lua" }
    }
  }
}
[00:13:59.070][info] [#0:script/provider/provider.lua:56]: Load config from .luarc.json/.luarc.jsonc	file:///home/user/.config/wezterm
[00:13:59.070][info] [#0:script/provider/provider.lua:57]: {
  ["hint.enable"] = true,
  ["runtime.version"] = "5.4",
  ["workspace.checkThirdParty"] = false
}
[00:13:59.071][info] [#0:script/provider/provider.lua:49]: Load config from client	file:///home/user/.config/wezterm
[00:13:59.071][info] [#0:script/provider/provider.lua:50]: {
  Lua = {
    codeLens = {
      enable = true
    },
    completion = {
      callSnippet = "Replace"
    },
    doc = {
      privateName = { "^_" }
    },
    hint = {
      arrayIndex = "Disable",
      enable = true,
      paramName = "Disable",
      paramType = true,
      semicolon = "Disable",
      setType = false
    },
    runtime = {
      path = { "?.lua", "?/init.lua" },
      pathStrict = true,
      version = "LuaJIT"
    },
    workspace = {
      checkThirdParty = false,
      ignoreDir = { "/lua" },
      library = { "/opt/nvim-linux-x86_64/share/nvim/runtime/lua" }
    }
  }
}
[00:13:59.071][info] [#0:script/provider/provider.lua:56]: Load config from .luarc.json/.luarc.jsonc	file:///home/user/.config/wezterm
[00:13:59.071][info] [#0:script/provider/provider.lua:57]: {
  ["hint.enable"] = true,
  ["runtime.version"] = "5.4",
  ["workspace.checkThirdParty"] = false
}
[00:13:59.071][warn] [#0:script/config/loader.lua:116]: No config?	{}
[00:13:59.071][info] [#0:script/provider/provider.lua:65]: Load config from client	fallback
[00:13:59.071][info] [#0:script/provider/provider.lua:66]: nil
[00:13:59.071][warn] [#0:script/config/loader.lua:116]: No config?	{}
[00:13:59.071][info] [#0:script/provider/provider.lua:65]: Load config from client	fallback
[00:13:59.071][info] [#0:script/provider/provider.lua:66]: nil
[00:13:59.071][warn] [#0:script/config/loader.lua:116]: No config?	{}
[00:13:59.071][info] [#0:script/provider/provider.lua:65]: Load config from client	fallback
[00:13:59.071][info] [#0:script/provider/provider.lua:66]: nil
[00:13:59.210][info] [#0:script/library.lua:212]: Init builtin library at:	file:///home/user/.config/wezterm
[00:13:59.221][info] [#0:script/library.lua:212]: Init builtin library at:	nil
[00:13:59.329][info] [#0:script/workspace/workspace.lua:324]: Preload start:	file:///home/user/.config/wezterm
[00:13:59.337][info] [#0:script/workspace/workspace.lua:330]: Scan files at:	file:///home/user/.config/wezterm
[00:13:59.338][info] [#0:script/workspace/workspace.lua:324]: Preload start:	<fallback>
[00:13:59.339][info] [#0:script/workspace/workspace.lua:353]: Scan library at:	file:///home/user/.local/share/nvim/mason/packages/lua-language-server/libexec/meta/Lua%205.4%20en-us%20utf8/builtin.lua
[00:13:59.340][info] [#0:script/workspace/workspace.lua:353]: Scan library at:	file:///home/user/.local/share/nvim/mason/packages/lua-language-server/libexec/meta/Lua%205.4%20en-us%20utf8/package.lua
[00:13:59.341][info] [#0:script/workspace/workspace.lua:353]: Scan library at:	file:///home/user/.local/share/nvim/mason/packages/lua-language-server/libexec/meta/Lua%205.4%20en-us%20utf8/coroutine.lua
[00:13:59.343][info] [#0:script/workspace/workspace.lua:353]: Scan library at:	file:///home/user/.local/share/nvim/mason/packages/lua-language-server/libexec/meta/Lua%205.4%20en-us%20utf8/io.lua
[00:13:59.345][info] [#0:script/workspace/workspace.lua:353]: Scan library at:	file:///home/user/.local/share/nvim/mason/packages/lua-language-server/libexec/meta/Lua%205.4%20en-us%20utf8/string.lua
[00:13:59.347][info] [#0:script/workspace/workspace.lua:353]: Scan library at:	file:///home/user/.local/share/nvim/mason/packages/lua-language-server/libexec/meta/Lua%205.4%20en-us%20utf8/math.lua
[00:13:59.349][info] [#0:script/workspace/workspace.lua:353]: Scan library at:	file:///home/user/.local/share/nvim/mason/packages/lua-language-server/libexec/meta/Lua%205.4%20en-us%20utf8/basic.lua
[00:13:59.351][info] [#0:script/workspace/workspace.lua:353]: Scan library at:	file:///home/user/.local/share/nvim/mason/packages/lua-language-server/libexec/meta/Lua%205.4%20en-us%20utf8/utf8.lua
[00:13:59.354][info] [#0:script/workspace/workspace.lua:353]: Scan library at:	file:///home/user/.local/share/nvim/mason/packages/lua-language-server/libexec/meta/Lua%205.4%20en-us%20utf8/table.lua
[00:13:59.354][info] [#0:script/workspace/workspace.lua:353]: Scan library at:	file:///home/user/.local/share/nvim/mason/packages/lua-language-server/libexec/meta/Lua%205.4%20en-us%20utf8/builtin.lua
[00:13:59.355][info] [#0:script/workspace/workspace.lua:353]: Scan library at:	file:///home/user/.local/share/nvim/mason/packages/lua-language-server/libexec/meta/Lua%205.4%20en-us%20utf8/os.lua
[00:13:59.356][info] [#0:script/workspace/workspace.lua:353]: Scan library at:	file:///opt/nvim-linux-x86_64/share/nvim/runtime/lua
[00:13:59.359][info] [#0:script/workspace/workspace.lua:353]: Scan library at:	file:///home/user/.local/share/nvim/mason/packages/lua-language-server/libexec/meta/Lua%205.4%20en-us%20utf8/debug.lua
[00:13:59.435][info] [#0:script/workspace/workspace.lua:353]: Scan library at:	file:///home/user/.local/share/nvim/mason/packages/lua-language-server/libexec/meta/Lua%205.4%20en-us%20utf8/package.lua
[00:13:59.436][info] [#0:script/workspace/workspace.lua:353]: Scan library at:	file:///home/user/.local/share/nvim/mason/packages/lua-language-server/libexec/meta/Lua%205.4%20en-us%20utf8/coroutine.lua
[00:13:59.436][info] [#0:script/workspace/workspace.lua:353]: Scan library at:	file:///home/user/.local/share/nvim/mason/packages/lua-language-server/libexec/meta/Lua%205.4%20en-us%20utf8/io.lua
[00:13:59.436][info] [#0:script/workspace/workspace.lua:353]: Scan library at:	file:///home/user/.local/share/nvim/mason/packages/lua-language-server/libexec/meta/Lua%205.4%20en-us%20utf8/string.lua
[00:13:59.436][info] [#0:script/workspace/workspace.lua:353]: Scan library at:	file:///home/user/.local/share/nvim/mason/packages/lua-language-server/libexec/meta/Lua%205.4%20en-us%20utf8/math.lua
[00:13:59.437][info] [#0:script/workspace/workspace.lua:353]: Scan library at:	file:///home/user/.local/share/nvim/mason/packages/lua-language-server/libexec/meta/Lua%205.4%20en-us%20utf8/basic.lua
[00:13:59.437][info] [#0:script/workspace/workspace.lua:353]: Scan library at:	file:///home/user/.local/share/nvim/mason/packages/lua-language-server/libexec/meta/Lua%205.4%20en-us%20utf8/debug.lua
[00:13:59.437][info] [#0:script/workspace/workspace.lua:353]: Scan library at:	file:///home/user/.local/share/nvim/mason/packages/lua-language-server/libexec/meta/Lua%205.4%20en-us%20utf8/utf8.lua
[00:13:59.437][info] [#0:script/workspace/workspace.lua:353]: Scan library at:	file:///home/user/.local/share/nvim/mason/packages/lua-language-server/libexec/meta/Lua%205.4%20en-us%20utf8/table.lua
[00:13:59.437][info] [#0:script/workspace/workspace.lua:353]: Scan library at:	file:///home/user/.local/share/nvim/mason/packages/lua-language-server/libexec/meta/Lua%205.4%20en-us%20utf8/os.lua
[00:13:59.540][info] [#0:script/workspace/workspace.lua:379]: Found 11 files at:	<fallback>
[00:13:59.540][info] [#0:script/workspace/loading.lua:160]: Load files from disk:	<fallback>
[00:13:59.540][info] [#0:script/workspace/workspace.lua:379]: Found 131 files at:	file:///home/user/.config/wezterm
[00:13:59.540][info] [#0:script/workspace/loading.lua:160]: Load files from disk:	file:///home/user/.config/wezterm
[00:13:59.542][info] [#0:script/workspace/loading.lua:100]: Preload file at: file:///home/user/.local/share/nvim/mason/packages/lua-language-server/libexec/meta/Lua%205.4%20en-us%20utf8/os.lua , size = 5.611 KB
[00:13:59.550][info] [#0:script/workspace/loading.lua:112]: ++++As library of:	file:///home/user/.local/share/nvim/mason/packages/lua-language-server/libexec/meta/Lua%205.4%20en-us%20utf8/os.lua
[00:13:59.550][info] [#0:script/workspace/loading.lua:97]: Skip loaded file: file:///home/user/.local/share/nvim/mason/packages/lua-language-server/libexec/meta/Lua%205.4%20en-us%20utf8/os.lua
[00:13:59.550][info] [#0:script/workspace/loading.lua:100]: Preload file at: file:///home/user/.local/share/nvim/mason/packages/lua-language-server/libexec/meta/Lua%205.4%20en-us%20utf8/table.lua , size = 4.445 KB
[00:13:59.555][info] [#0:script/workspace/loading.lua:112]: ++++As library of:	file:///home/user/.local/share/nvim/mason/packages/lua-language-server/libexec/meta/Lua%205.4%20en-us%20utf8/table.lua
[00:13:59.555][info] [#0:script/workspace/loading.lua:100]: Preload file at: file:///home/user/.local/share/nvim/mason/packages/lua-language-server/libexec/meta/Lua%205.4%20en-us%20utf8/debug.lua , size = 7.637 KB
[00:13:59.558][info] [#0:script/workspace/loading.lua:112]: ++++As library of:	file:///home/user/.local/share/nvim/mason/packages/lua-language-server/libexec/meta/Lua%205.4%20en-us%20utf8/debug.lua
[00:13:59.558][info] [#0:script/workspace/loading.lua:88]: Skip loaded file: file:///home/user/.local/share/nvim/mason/packages/lua-language-server/libexec/meta/Lua%205.4%20en-us%20utf8/table.lua
[00:13:59.558][info] [#0:script/workspace/loading.lua:112]: ++++As library of:	file:///home/user/.local/share/nvim/mason/packages/lua-language-server/libexec/meta/Lua%205.4%20en-us%20utf8/table.lua
[00:13:59.560][info] [#0:script/workspace/loading.lua:100]: Preload file at: file:///home/user/.local/share/nvim/mason/packages/lua-language-server/libexec/meta/Lua%205.4%20en-us%20utf8/utf8.lua , size = 2.386 KB
[00:13:59.561][info] [#0:script/workspace/loading.lua:112]: ++++As library of:	file:///home/user/.local/share/nvim/mason/packages/lua-language-server/libexec/meta/Lua%205.4%20en-us%20utf8/utf8.lua
[00:13:59.561][info] [#0:script/workspace/loading.lua:97]: Skip loaded file: file:///home/user/.local/share/nvim/mason/packages/lua-language-server/libexec/meta/Lua%205.4%20en-us%20utf8/utf8.lua
[00:13:59.561][info] [#0:script/workspace/loading.lua:88]: Skip loaded file: file:///home/user/.local/share/nvim/mason/packages/lua-language-server/libexec/meta/Lua%205.4%20en-us%20utf8/debug.lua
[00:13:59.561][info] [#0:script/workspace/loading.lua:112]: ++++As library of:	file:///home/user/.local/share/nvim/mason/packages/lua-language-server/libexec/meta/Lua%205.4%20en-us%20utf8/debug.lua
[00:13:59.563][info] [#0:script/workspace/loading.lua:100]: Preload file at: file:///home/user/.local/share/nvim/mason/packages/lua-language-server/libexec/meta/Lua%205.4%20en-us%20utf8/basic.lua , size = 15.841 KB
[00:13:59.570][info] [#0:script/workspace/loading.lua:112]: ++++As library of:	file:///home/user/.local/share/nvim/mason/packages/lua-language-server/libexec/meta/Lua%205.4%20en-us%20utf8/basic.lua
[00:13:59.570][info] [#0:script/workspace/loading.lua:97]: Skip loaded file: file:///home/user/.local/share/nvim/mason/packages/lua-language-server/libexec/meta/Lua%205.4%20en-us%20utf8/basic.lua
[00:13:59.571][info] [#0:script/workspace/loading.lua:100]: Preload file at: file:///home/user/.local/share/nvim/mason/packages/lua-language-server/libexec/meta/Lua%205.4%20en-us%20utf8/math.lua , size = 8.542 KB
[00:13:59.574][info] [#0:script/workspace/loading.lua:112]: ++++As library of:	file:///home/user/.local/share/nvim/mason/packages/lua-language-server/libexec/meta/Lua%205.4%20en-us%20utf8/math.lua
[00:13:59.574][info] [#0:script/workspace/loading.lua:97]: Skip loaded file: file:///home/user/.local/share/nvim/mason/packages/lua-language-server/libexec/meta/Lua%205.4%20en-us%20utf8/math.lua
[00:13:59.574][info] [#0:script/workspace/loading.lua:100]: Preload file at: file:///home/user/.local/share/nvim/mason/packages/lua-language-server/libexec/meta/Lua%205.4%20en-us%20utf8/string.lua , size = 5.260 KB
[00:13:59.577][info] [#0:script/workspace/loading.lua:112]: ++++As library of:	file:///home/user/.local/share/nvim/mason/packages/lua-language-server/libexec/meta/Lua%205.4%20en-us%20utf8/string.lua
[00:13:59.577][info] [#0:script/workspace/loading.lua:88]: Skip loaded file: file:///home/user/.local/share/nvim/mason/packages/lua-language-server/libexec/meta/Lua%205.4%20en-us%20utf8/string.lua
[00:13:59.577][info] [#0:script/workspace/loading.lua:112]: ++++As library of:	file:///home/user/.local/share/nvim/mason/packages/lua-language-server/libexec/meta/Lua%205.4%20en-us%20utf8/string.lua
[00:13:59.577][info] [#0:script/workspace/loading.lua:100]: Preload file at: file:///home/user/.local/share/nvim/mason/packages/lua-language-server/libexec/meta/Lua%205.4%20en-us%20utf8/io.lua , size = 6.364 KB
[00:13:59.582][info] [#0:script/workspace/loading.lua:112]: ++++As library of:	file:///home/user/.local/share/nvim/mason/packages/lua-language-server/libexec/meta/Lua%205.4%20en-us%20utf8/io.lua
[00:13:59.582][info] [#0:script/workspace/loading.lua:88]: Skip loaded file: file:///home/user/.local/share/nvim/mason/packages/lua-language-server/libexec/meta/Lua%205.4%20en-us%20utf8/io.lua
[00:13:59.582][info] [#0:script/workspace/loading.lua:112]: ++++As library of:	file:///home/user/.local/share/nvim/mason/packages/lua-language-server/libexec/meta/Lua%205.4%20en-us%20utf8/io.lua
[00:13:59.585][info] [#0:script/workspace/loading.lua:100]: Preload file at: file:///home/user/.local/share/nvim/mason/packages/lua-language-server/libexec/meta/Lua%205.4%20en-us%20utf8/coroutine.lua , size = 2.590 KB
[00:13:59.587][info] [#0:script/workspace/loading.lua:112]: ++++As library of:	file:///home/user/.local/share/nvim/mason/packages/lua-language-server/libexec/meta/Lua%205.4%20en-us%20utf8/coroutine.lua
[00:13:59.587][info] [#0:script/workspace/loading.lua:88]: Skip loaded file: file:///home/user/.local/share/nvim/mason/packages/lua-language-server/libexec/meta/Lua%205.4%20en-us%20utf8/coroutine.lua
[00:13:59.587][info] [#0:script/workspace/loading.lua:112]: ++++As library of:	file:///home/user/.local/share/nvim/mason/packages/lua-language-server/libexec/meta/Lua%205.4%20en-us%20utf8/coroutine.lua
[00:13:59.588][info] [#0:script/workspace/loading.lua:100]: Preload file at: file:///home/user/.local/share/nvim/mason/packages/lua-language-server/libexec/meta/Lua%205.4%20en-us%20utf8/package.lua , size = 2.944 KB
[00:13:59.590][info] [#0:script/workspace/loading.lua:112]: ++++As library of:	file:///home/user/.local/share/nvim/mason/packages/lua-language-server/libexec/meta/Lua%205.4%20en-us%20utf8/package.lua
[00:13:59.590][info] [#0:script/workspace/loading.lua:97]: Skip loaded file: file:///home/user/.local/share/nvim/mason/packages/lua-language-server/libexec/meta/Lua%205.4%20en-us%20utf8/package.lua
[00:13:59.590][info] [#0:script/workspace/loading.lua:100]: Preload file at: file:///home/user/.local/share/nvim/mason/packages/lua-language-server/libexec/meta/Lua%205.4%20en-us%20utf8/builtin.lua , size = 0.302 KB
[00:13:59.591][info] [#0:script/workspace/loading.lua:112]: ++++As library of:	file:///home/user/.local/share/nvim/mason/packages/lua-language-server/libexec/meta/Lua%205.4%20en-us%20utf8/builtin.lua
[00:13:59.591][info] [#0:script/workspace/loading.lua:100]: Preload file at: file:///opt/nvim-linux-x86_64/share/nvim/runtime/lua/tohtml.lua , size = 42.432 KB
[00:13:59.614][info] [#0:script/workspace/loading.lua:112]: ++++As library of:	file:///opt/nvim-linux-x86_64/share/nvim/runtime/lua
[00:13:59.614][info] [#0:script/workspace/loading.lua:172]: Loaded files takes [0.070] sec: <fallback>
[00:13:59.614][info] [#0:script/workspace/loading.lua:181]: Compile files takes [0.000] sec: <fallback>
[00:13:59.614][info] [#0:script/workspace/loading.lua:182]: Loaded finish:	<fallback>
[00:13:59.614][info] [#0:script/workspace/workspace.lua:381]: Preload finish at:	<fallback>
[00:13:59.616][info] [#0:script/workspace/loading.lua:100]: Preload file at: file:///opt/nvim-linux-x86_64/share/nvim/runtime/lua/coxpcall.lua , size = 3.451 KB
[00:13:59.618][info] [#0:script/workspace/loading.lua:112]: ++++As library of:	file:///opt/nvim-linux-x86_64/share/nvim/runtime/lua
[00:13:59.619][info] [#0:script/workspace/loading.lua:100]: Preload file at: file:///opt/nvim-linux-x86_64/share/nvim/runtime/lua/nvim/health.lua , size = 12.509 KB
[00:13:59.624][info] [#0:script/workspace/loading.lua:112]: ++++As library of:	file:///opt/nvim-linux-x86_64/share/nvim/runtime/lua
[00:13:59.624][info] [#0:script/workspace/loading.lua:100]: Preload file at: file:///opt/nvim-linux-x86_64/share/nvim/runtime/lua/_vim9script.lua , size = 15.418 KB
[00:13:59.630][info] [#0:script/workspace/loading.lua:112]: ++++As library of:	file:///opt/nvim-linux-x86_64/share/nvim/runtime/lua
[00:13:59.631][info] [#0:script/workspace/loading.lua:100]: Preload file at: file:///opt/nvim-linux-x86_64/share/nvim/runtime/lua/man.lua , size = 23.687 KB
[00:13:59.640][info] [#0:script/workspace/loading.lua:112]: ++++As library of:	file:///opt/nvim-linux-x86_64/share/nvim/runtime/lua
[00:13:59.640][info] [#0:script/workspace/loading.lua:100]: Preload file at: file:///opt/nvim-linux-x86_64/share/nvim/runtime/lua/provider/clipboard/health.lua , size = 1.151 KB
[00:13:59.641][info] [#0:script/workspace/loading.lua:112]: ++++As library of:	file:///opt/nvim-linux-x86_64/share/nvim/runtime/lua
[00:13:59.641][info] [#0:script/workspace/loading.lua:100]: Preload file at: file:///opt/nvim-linux-x86_64/share/nvim/runtime/lua/provider/node/health.lua , size = 3.375 KB
[00:13:59.642][info] [#0:script/workspace/loading.lua:112]: ++++As library of:	file:///opt/nvim-linux-x86_64/share/nvim/runtime/lua
[00:13:59.642][info] [#0:script/workspace/loading.lua:100]: Preload file at: file:///opt/nvim-linux-x86_64/share/nvim/runtime/lua/provider/ruby/health.lua , size = 2.211 KB
[00:13:59.643][info] [#0:script/workspace/loading.lua:112]: ++++As library of:	file:///opt/nvim-linux-x86_64/share/nvim/runtime/lua
[00:13:59.644][info] [#0:script/workspace/loading.lua:100]: Preload file at: file:///opt/nvim-linux-x86_64/share/nvim/runtime/lua/provider/perl/health.lua , size = 2.752 KB
[00:13:59.645][info] [#0:script/workspace/loading.lua:112]: ++++As library of:	file:///opt/nvim-linux-x86_64/share/nvim/runtime/lua
[00:13:59.645][info] [#0:script/workspace/loading.lua:100]: Preload file at: file:///opt/nvim-linux-x86_64/share/nvim/runtime/lua/provider/python/health.lua , size = 16.369 KB
[00:13:59.662][info] [#0:script/workspace/loading.lua:112]: ++++As library of:	file:///opt/nvim-linux-x86_64/share/nvim/runtime/lua
[00:13:59.662][info] [#0:script/workspace/loading.lua:100]: Preload file at: file:///opt/nvim-linux-x86_64/share/nvim/runtime/lua/editorconfig.lua , size = 10.443 KB
[00:13:59.665][info] [#0:script/workspace/loading.lua:112]: ++++As library of:	file:///opt/nvim-linux-x86_64/share/nvim/runtime/lua
[00:13:59.666][info] [#0:script/workspace/loading.lua:100]: Preload file at: file:///opt/nvim-linux-x86_64/share/nvim/runtime/lua/vim/ui/clipboard/osc52.lua , size = 2.137 KB
[00:13:59.667][info] [#0:script/workspace/loading.lua:112]: ++++As library of:	file:///opt/nvim-linux-x86_64/share/nvim/runtime/lua
[00:13:59.668][info] [#0:script/workspace/loading.lua:100]: Preload file at: file:///opt/nvim-linux-x86_64/share/nvim/runtime/lua/vim/iter.lua , size = 25.504 KB
[00:13:59.684][info] [#0:script/workspace/loading.lua:112]: ++++As library of:	file:///opt/nvim-linux-x86_64/share/nvim/runtime/lua
[00:13:59.685][info] [#0:script/workspace/loading.lua:100]: Preload file at: file:///opt/nvim-linux-x86_64/share/nvim/runtime/lua/vim/_system.lua , size = 9.216 KB
[00:13:59.690][info] [#0:script/workspace/loading.lua:112]: ++++As library of:	file:///opt/nvim-linux-x86_64/share/nvim/runtime/lua
[00:13:59.691][info] [#0:script/workspace/loading.lua:100]: Preload file at: file:///opt/nvim-linux-x86_64/share/nvim/runtime/lua/vim/keymap.lua , size = 3.682 KB
[00:13:59.693][info] [#0:script/workspace/loading.lua:112]: ++++As library of:	file:///opt/nvim-linux-x86_64/share/nvim/runtime/lua
[00:13:59.693][info] [#0:script/workspace/loading.lua:100]: Preload file at: file:///opt/nvim-linux-x86_64/share/nvim/runtime/lua/vim/health.lua , size = 12.685 KB
[00:13:59.699][info] [#0:script/workspace/loading.lua:112]: ++++As library of:	file:///opt/nvim-linux-x86_64/share/nvim/runtime/lua
[00:13:59.699][info] [#0:script/workspace/loading.lua:100]: Preload file at: file:///opt/nvim-linux-x86_64/share/nvim/runtime/lua/vim/_options.lua , size = 25.441 KB
[00:13:59.707][info] [#0:script/workspace/loading.lua:112]: ++++As library of:	file:///opt/nvim-linux-x86_64/share/nvim/runtime/lua
[00:13:59.708][info] [#0:script/workspace/loading.lua:100]: Preload file at: file:///opt/nvim-linux-x86_64/share/nvim/runtime/lua/vim/_comment.lua , size = 8.743 KB
[00:13:59.712][info] [#0:script/workspace/loading.lua:112]: ++++As library of:	file:///opt/nvim-linux-x86_64/share/nvim/runtime/lua
[00:13:59.712][info] [#0:script/workspace/loading.lua:100]: Preload file at: file:///opt/nvim-linux-x86_64/share/nvim/runtime/lua/vim/shared.lua , size = 29.331 KB
[00:13:59.735][info] [#0:script/workspace/loading.lua:112]: ++++As library of:	file:///opt/nvim-linux-x86_64/share/nvim/runtime/lua
[00:13:59.735][info] [#0:script/workspace/loading.lua:100]: Preload file at: file:///opt/nvim-linux-x86_64/share/nvim/runtime/lua/vim/_defaults.lua , size = 18.717 KB
[00:13:59.741][info] [#0:script/workspace/loading.lua:112]: ++++As library of:	file:///opt/nvim-linux-x86_64/share/nvim/runtime/lua
[00:13:59.742][info] [#0:script/workspace/loading.lua:100]: Preload file at: file:///opt/nvim-linux-x86_64/share/nvim/runtime/lua/vim/inspect.lua , size = 8.864 KB
[00:13:59.746][info] [#0:script/workspace/loading.lua:112]: ++++As library of:	file:///opt/nvim-linux-x86_64/share/nvim/runtime/lua
[00:13:59.747][info] [#0:script/workspace/loading.lua:100]: Preload file at: file:///opt/nvim-linux-x86_64/share/nvim/runtime/lua/vim/filetype/options.lua , size = 2.559 KB
[00:13:59.748][info] [#0:script/workspace/loading.lua:112]: ++++As library of:	file:///opt/nvim-linux-x86_64/share/nvim/runtime/lua
[00:13:59.749][info] [#0:script/workspace/loading.lua:100]: Preload file at: file:///opt/nvim-linux-x86_64/share/nvim/runtime/lua/vim/filetype/detect.lua , size = 57.151 KB
[00:13:59.771][info] [#0:script/workspace/loading.lua:112]: ++++As library of:	file:///opt/nvim-linux-x86_64/share/nvim/runtime/lua
[00:13:59.771][info] [#0:script/workspace/loading.lua:100]: Preload file at: file:///opt/nvim-linux-x86_64/share/nvim/runtime/lua/vim/re.lua , size = 6.495 KB
[00:13:59.775][info] [#0:script/workspace/loading.lua:112]: ++++As library of:	file:///opt/nvim-linux-x86_64/share/nvim/runtime/lua
[00:13:59.776][info] [#0:script/workspace/loading.lua:100]: Preload file at: file:///opt/nvim-linux-x86_64/share/nvim/runtime/lua/vim/snippet.lua , size = 20.081 KB
[00:13:59.785][info] [#0:script/workspace/loading.lua:112]: ++++As library of:	file:///opt/nvim-linux-x86_64/share/nvim/runtime/lua
[00:13:59.785][info] [#0:script/workspace/loading.lua:100]: Preload file at: file:///opt/nvim-linux-x86_64/share/nvim/runtime/lua/vim/version.lua , size = 13.605 KB
[00:13:59.791][info] [#0:script/workspace/loading.lua:112]: ++++As library of:	file:///opt/nvim-linux-x86_64/share/nvim/runtime/lua
[00:13:59.791][info] [#0:script/workspace/loading.lua:100]: Preload file at: file:///opt/nvim-linux-x86_64/share/nvim/runtime/lua/vim/secure.lua , size = 5.018 KB
[00:13:59.794][info] [#0:script/workspace/loading.lua:112]: ++++As library of:	file:///opt/nvim-linux-x86_64/share/nvim/runtime/lua
[00:13:59.795][info] [#0:script/workspace/loading.lua:100]: Preload file at: file:///opt/nvim-linux-x86_64/share/nvim/runtime/lua/vim/treesitter/_range.lua , size = 3.869 KB
[00:13:59.814][info] [#0:script/workspace/loading.lua:112]: ++++As library of:	file:///opt/nvim-linux-x86_64/share/nvim/runtime/lua
[00:13:59.815][info] [#0:script/workspace/loading.lua:100]: Preload file at: file:///opt/nvim-linux-x86_64/share/nvim/runtime/lua/vim/treesitter/health.lua , size = 0.856 KB
[00:13:59.816][info] [#0:script/workspace/loading.lua:112]: ++++As library of:	file:///opt/nvim-linux-x86_64/share/nvim/runtime/lua
[00:13:59.816][info] [#0:script/workspace/loading.lua:100]: Preload file at: file:///opt/nvim-linux-x86_64/share/nvim/runtime/lua/vim/treesitter/_fold.lua , size = 14.745 KB
[00:13:59.822][info] [#0:script/workspace/loading.lua:112]: ++++As library of:	file:///opt/nvim-linux-x86_64/share/nvim/runtime/lua
[00:13:59.822][info] [#0:script/workspace/loading.lua:100]: Preload file at: file:///opt/nvim-linux-x86_64/share/nvim/runtime/lua/vim/treesitter/_query_linter.lua , size = 7.627 KB
[00:13:59.826][info] [#0:script/workspace/loading.lua:112]: ++++As library of:	file:///opt/nvim-linux-x86_64/share/nvim/runtime/lua
[00:13:59.826][info] [#0:script/workspace/loading.lua:100]: Preload file at: file:///opt/nvim-linux-x86_64/share/nvim/runtime/lua/vim/treesitter/dev.lua , size = 19.644 KB
[00:13:59.834][info] [#0:script/workspace/loading.lua:112]: ++++As library of:	file:///opt/nvim-linux-x86_64/share/nvim/runtime/lua
[00:13:59.836][info] [#0:script/workspace/loading.lua:100]: Preload file at: file:///opt/nvim-linux-x86_64/share/nvim/runtime/lua/vim/treesitter/query.lua , size = 32.301 KB
[00:13:59.847][info] [#0:script/workspace/loading.lua:112]: ++++As library of:	file:///opt/nvim-linux-x86_64/share/nvim/runtime/lua
[00:13:59.848][info] [#0:script/workspace/loading.lua:100]: Preload file at: file:///opt/nvim-linux-x86_64/share/nvim/runtime/lua/vim/treesitter/languagetree.lua , size = 33.292 KB
[00:13:59.863][info] [#0:script/workspace/loading.lua:112]: ++++As library of:	file:///opt/nvim-linux-x86_64/share/nvim/runtime/lua
[00:13:59.863][info] [#0:script/workspace/loading.lua:100]: Preload file at: file:///opt/nvim-linux-x86_64/share/nvim/runtime/lua/vim/treesitter/highlighter.lua , size = 11.811 KB
[00:13:59.871][info] [#0:script/workspace/loading.lua:112]: ++++As library of:	file:///opt/nvim-linux-x86_64/share/nvim/runtime/lua
[00:13:59.872][info] [#0:script/workspace/loading.lua:100]: Preload file at: file:///opt/nvim-linux-x86_64/share/nvim/runtime/lua/vim/treesitter/language.lua , size = 3.684 KB
[00:13:59.874][info] [#0:script/workspace/loading.lua:112]: ++++As library of:	file:///opt/nvim-linux-x86_64/share/nvim/runtime/lua
[00:13:59.875][info] [#0:script/workspace/loading.lua:100]: Preload file at: file:///opt/nvim-linux-x86_64/share/nvim/runtime/lua/vim/treesitter/_meta.lua , size = 4.483 KB
[00:13:59.878][info] [#0:script/workspace/loading.lua:112]: ++++As library of:	file:///opt/nvim-linux-x86_64/share/nvim/runtime/lua
[00:13:59.879][info] [#0:script/workspace/loading.lua:100]: Preload file at: file:///opt/nvim-linux-x86_64/share/nvim/runtime/lua/vim/filetype.lua , size = 68.524 KB
[00:13:59.902][info] [#0:script/workspace/loading.lua:112]: ++++As library of:	file:///opt/nvim-linux-x86_64/share/nvim/runtime/lua
[00:13:59.903][info] [#0:script/workspace/loading.lua:100]: Preload file at: file:///opt/nvim-linux-x86_64/share/nvim/runtime/lua/vim/lsp.lua , size = 40.430 KB
[00:13:59.918][info] [#0:script/workspace/loading.lua:112]: ++++As library of:	file:///opt/nvim-linux-x86_64/share/nvim/runtime/lua
[00:13:59.919][info] [#0:script/workspace/loading.lua:100]: Preload file at: file:///opt/nvim-linux-x86_64/share/nvim/runtime/lua/vim/func/_memoize.lua , size = 1.354 KB
[00:13:59.948][info] [#0:script/workspace/loading.lua:112]: ++++As library of:	file:///opt/nvim-linux-x86_64/share/nvim/runtime/lua
[00:13:59.948][info] [#0:script/workspace/loading.lua:100]: Preload file at: file:///opt/nvim-linux-x86_64/share/nvim/runtime/lua/vim/ui.lua , size = 5.396 KB
[00:13:59.950][info] [#0:script/workspace/loading.lua:112]: ++++As library of:	file:///opt/nvim-linux-x86_64/share/nvim/runtime/lua
[00:13:59.951][info] [#0:script/workspace/loading.lua:100]: Preload file at: file:///opt/nvim-linux-x86_64/share/nvim/runtime/lua/vim/diagnostic.lua , size = 69.172 KB
[00:14:00.011][info] [#0:script/workspace/loading.lua:112]: ++++As library of:	file:///opt/nvim-linux-x86_64/share/nvim/runtime/lua
[00:14:00.033][info] [#0:script/workspace/loading.lua:100]: Preload file at: file:///opt/nvim-linux-x86_64/share/nvim/runtime/lua/vim/provider.lua , size = 0.197 KB
[00:14:00.033][info] [#0:script/workspace/loading.lua:112]: ++++As library of:	file:///opt/nvim-linux-x86_64/share/nvim/runtime/lua
[00:14:00.037][info] [#0:script/workspace/loading.lua:100]: Preload file at: file:///opt/nvim-linux-x86_64/share/nvim/runtime/lua/vim/loader.lua , size = 15.741 KB
[00:14:00.044][info] [#0:script/workspace/loading.lua:112]: ++++As library of:	file:///opt/nvim-linux-x86_64/share/nvim/runtime/lua
[00:14:00.062][info] [#0:script/workspace/loading.lua:100]: Preload file at: file:///opt/nvim-linux-x86_64/share/nvim/runtime/lua/vim/_init_packages.lua , size = 3.023 KB
[00:14:00.064][info] [#0:script/workspace/loading.lua:112]: ++++As library of:	file:///opt/nvim-linux-x86_64/share/nvim/runtime/lua
[00:14:00.064][info] [#0:script/workspace/loading.lua:100]: Preload file at: file:///opt/nvim-linux-x86_64/share/nvim/runtime/lua/vim/_editor.lua , size = 34.475 KB
[00:14:00.087][info] [#0:script/workspace/loading.lua:112]: ++++As library of:	file:///opt/nvim-linux-x86_64/share/nvim/runtime/lua
[00:14:00.087][info] [#0:script/workspace/loading.lua:100]: Preload file at: file:///opt/nvim-linux-x86_64/share/nvim/runtime/lua/vim/provider/ruby.lua , size = 1.563 KB
[00:14:00.088][info] [#0:script/workspace/loading.lua:112]: ++++As library of:	file:///opt/nvim-linux-x86_64/share/nvim/runtime/lua
[00:14:00.097][info] [#0:script/workspace/loading.lua:100]: Preload file at: file:///opt/nvim-linux-x86_64/share/nvim/runtime/lua/vim/provider/perl.lua , size = 1.998 KB
[00:14:00.098][info] [#0:script/workspace/loading.lua:112]: ++++As library of:	file:///opt/nvim-linux-x86_64/share/nvim/runtime/lua
[00:14:00.098][info] [#0:script/workspace/loading.lua:100]: Preload file at: file:///opt/nvim-linux-x86_64/share/nvim/runtime/lua/vim/provider/python.lua , size = 4.224 KB
[00:14:00.100][info] [#0:script/workspace/loading.lua:112]: ++++As library of:	file:///opt/nvim-linux-x86_64/share/nvim/runtime/lua
[00:14:00.109][info] [#0:script/workspace/loading.lua:100]: Preload file at: file:///opt/nvim-linux-x86_64/share/nvim/runtime/lua/vim/_meta/api_keysets.lua , size = 8.292 KB
[00:14:00.113][info] [#0:script/workspace/loading.lua:112]: ++++As library of:	file:///opt/nvim-linux-x86_64/share/nvim/runtime/lua
[00:14:00.114][info] [#0:script/workspace/loading.lua:100]: Preload file at: file:///opt/nvim-linux-x86_64/share/nvim/runtime/lua/vim/_meta/vimfn.lua , size = 398.838 KB
[00:14:00.400][info] [#0:script/workspace/loading.lua:112]: ++++As library of:	file:///opt/nvim-linux-x86_64/share/nvim/runtime/lua
[00:14:00.401][info] [#0:script/workspace/loading.lua:100]: Preload file at: file:///opt/nvim-linux-x86_64/share/nvim/runtime/lua/vim/_meta/mpack.lua , size = 0.478 KB
[00:14:00.401][info] [#0:script/workspace/loading.lua:112]: ++++As library of:	file:///opt/nvim-linux-x86_64/share/nvim/runtime/lua
[00:14:00.401][info] [#0:script/workspace/loading.lua:100]: Preload file at: file:///opt/nvim-linux-x86_64/share/nvim/runtime/lua/vim/_meta/json.lua , size = 1.359 KB
[00:14:00.402][info] [#0:script/workspace/loading.lua:112]: ++++As library of:	file:///opt/nvim-linux-x86_64/share/nvim/runtime/lua
[00:14:00.402][info] [#0:script/workspace/loading.lua:100]: Preload file at: file:///opt/nvim-linux-x86_64/share/nvim/runtime/lua/vim/_meta/re.lua , size = 2.217 KB
[00:14:00.403][info] [#0:script/workspace/loading.lua:112]: ++++As library of:	file:///opt/nvim-linux-x86_64/share/nvim/runtime/lua
[00:14:00.409][info] [#0:script/workspace/loading.lua:100]: Preload file at: file:///opt/nvim-linux-x86_64/share/nvim/runtime/lua/vim/_meta/spell.lua , size = 0.943 KB
[00:14:00.409][info] [#0:script/workspace/loading.lua:112]: ++++As library of:	file:///opt/nvim-linux-x86_64/share/nvim/runtime/lua
[00:14:00.410][info] [#0:script/workspace/loading.lua:100]: Preload file at: file:///opt/nvim-linux-x86_64/share/nvim/runtime/lua/vim/_meta/lpeg.lua , size = 15.348 KB
[00:14:00.413][info] [#0:script/workspace/loading.lua:112]: ++++As library of:	file:///opt/nvim-linux-x86_64/share/nvim/runtime/lua
[00:14:00.414][info] [#0:script/workspace/loading.lua:100]: Preload file at: file:///opt/nvim-linux-x86_64/share/nvim/runtime/lua/vim/_meta/vvars.lua , size = 25.272 KB
[00:14:00.420][info] [#0:script/workspace/loading.lua:112]: ++++As library of:	file:///opt/nvim-linux-x86_64/share/nvim/runtime/lua
[00:14:00.429][info] [#0:script/workspace/loading.lua:100]: Preload file at: file:///opt/nvim-linux-x86_64/share/nvim/runtime/lua/vim/_meta/diff.lua , size = 2.492 KB
[00:14:00.430][info] [#0:script/workspace/loading.lua:112]: ++++As library of:	file:///opt/nvim-linux-x86_64/share/nvim/runtime/lua
[00:14:00.430][info] [#0:script/workspace/loading.lua:100]: Preload file at: file:///opt/nvim-linux-x86_64/share/nvim/runtime/lua/vim/_meta/builtin_types.lua , size = 3.362 KB
[00:14:00.432][info] [#0:script/workspace/loading.lua:112]: ++++As library of:	file:///opt/nvim-linux-x86_64/share/nvim/runtime/lua
[00:14:00.432][info] [#0:script/workspace/loading.lua:100]: Preload file at: file:///opt/nvim-linux-x86_64/share/nvim/runtime/lua/vim/_meta/options.lua , size = 323.972 KB
[00:14:00.580][info] [#0:script/workspace/loading.lua:112]: ++++As library of:	file:///opt/nvim-linux-x86_64/share/nvim/runtime/lua
[00:14:00.595][info] [#0:script/workspace/loading.lua:100]: Preload file at: file:///opt/nvim-linux-x86_64/share/nvim/runtime/lua/vim/_meta/api.lua , size = 97.323 KB
[00:14:00.657][info] [#0:script/workspace/loading.lua:112]: ++++As library of:	file:///opt/nvim-linux-x86_64/share/nvim/runtime/lua
[00:14:00.658][info] [#0:script/workspace/loading.lua:100]: Preload file at: file:///opt/nvim-linux-x86_64/share/nvim/runtime/lua/vim/_meta/regex.lua , size = 1.347 KB
[00:14:00.659][info] [#0:script/workspace/loading.lua:112]: ++++As library of:	file:///opt/nvim-linux-x86_64/share/nvim/runtime/lua
[00:14:00.659][info] [#0:script/workspace/loading.lua:100]: Preload file at: file:///opt/nvim-linux-x86_64/share/nvim/runtime/lua/vim/_meta/misc.lua , size = 0.291 KB
[00:14:00.659][info] [#0:script/workspace/loading.lua:112]: ++++As library of:	file:///opt/nvim-linux-x86_64/share/nvim/runtime/lua
[00:14:00.660][info] [#0:script/workspace/loading.lua:100]: Preload file at: file:///opt/nvim-linux-x86_64/share/nvim/runtime/lua/vim/_meta/base64.lua , size = 0.307 KB
[00:14:00.660][info] [#0:script/workspace/loading.lua:112]: ++++As library of:	file:///opt/nvim-linux-x86_64/share/nvim/runtime/lua
[00:14:00.660][info] [#0:script/workspace/loading.lua:100]: Preload file at: file:///opt/nvim-linux-x86_64/share/nvim/runtime/lua/vim/_meta/api_keysets_extra.lua , size = 4.535 KB
[00:14:00.663][info] [#0:script/workspace/loading.lua:112]: ++++As library of:	file:///opt/nvim-linux-x86_64/share/nvim/runtime/lua
[00:14:00.665][info] [#0:script/workspace/loading.lua:100]: Preload file at: file:///opt/nvim-linux-x86_64/share/nvim/runtime/lua/vim/_meta/builtin.lua , size = 11.183 KB
[00:14:00.668][info] [#0:script/workspace/loading.lua:112]: ++++As library of:	file:///opt/nvim-linux-x86_64/share/nvim/runtime/lua
[00:14:00.673][info] [#0:script/workspace/loading.lua:100]: Preload file at: file:///opt/nvim-linux-x86_64/share/nvim/runtime/lua/vim/glob.lua , size = 3.001 KB
[00:14:00.674][info] [#0:script/workspace/loading.lua:112]: ++++As library of:	file:///opt/nvim-linux-x86_64/share/nvim/runtime/lua
[00:14:00.674][info] [#0:script/workspace/loading.lua:100]: Preload file at: file:///opt/nvim-linux-x86_64/share/nvim/runtime/lua/vim/lsp/_tagfunc.lua , size = 2.787 KB
[00:14:00.676][info] [#0:script/workspace/loading.lua:112]: ++++As library of:	file:///opt/nvim-linux-x86_64/share/nvim/runtime/lua
[00:14:00.681][info] [#0:script/workspace/loading.lua:100]: Preload file at: file:///opt/nvim-linux-x86_64/share/nvim/runtime/lua/vim/lsp/health.lua , size = 5.398 KB
[00:14:00.683][info] [#0:script/workspace/loading.lua:112]: ++++As library of:	file:///opt/nvim-linux-x86_64/share/nvim/runtime/lua
[00:14:00.683][info] [#0:script/workspace/loading.lua:100]: Preload file at: file:///opt/nvim-linux-x86_64/share/nvim/runtime/lua/vim/lsp/_changetracking.lua , size = 11.492 KB
[00:14:00.688][info] [#0:script/workspace/loading.lua:112]: ++++As library of:	file:///opt/nvim-linux-x86_64/share/nvim/runtime/lua
[00:14:00.697][info] [#0:script/workspace/loading.lua:100]: Preload file at: file:///opt/nvim-linux-x86_64/share/nvim/runtime/lua/vim/lsp/_completion.lua , size = 8.965 KB
[00:14:00.701][info] [#0:script/workspace/loading.lua:112]: ++++As library of:	file:///opt/nvim-linux-x86_64/share/nvim/runtime/lua
[00:14:00.701][info] [#0:script/workspace/loading.lua:100]: Preload file at: file:///opt/nvim-linux-x86_64/share/nvim/runtime/lua/vim/lsp/util.lua , size = 77.311 KB
[00:14:00.883][info] [#0:script/workspace/loading.lua:112]: ++++As library of:	file:///opt/nvim-linux-x86_64/share/nvim/runtime/lua
[00:14:00.897][info] [#0:script/workspace/loading.lua:100]: Preload file at: file:///opt/nvim-linux-x86_64/share/nvim/runtime/lua/vim/lsp/diagnostic.lua , size = 14.140 KB
[00:14:00.912][info] [#0:script/workspace/loading.lua:112]: ++++As library of:	file:///opt/nvim-linux-x86_64/share/nvim/runtime/lua
[00:14:00.912][info] [#0:script/workspace/loading.lua:100]: Preload file at: file:///opt/nvim-linux-x86_64/share/nvim/runtime/lua/vim/lsp/codelens.lua , size = 9.336 KB
[00:14:00.918][info] [#0:script/workspace/loading.lua:112]: ++++As library of:	file:///opt/nvim-linux-x86_64/share/nvim/runtime/lua
[00:14:00.921][info] [#0:script/workspace/loading.lua:100]: Preload file at: file:///opt/nvim-linux-x86_64/share/nvim/runtime/lua/vim/lsp/_snippet_grammar.lua , size = 6.179 KB
[00:14:00.925][info] [#0:script/workspace/loading.lua:112]: ++++As library of:	file:///opt/nvim-linux-x86_64/share/nvim/runtime/lua
[00:14:00.937][info] [#0:script/workspace/loading.lua:100]: Preload file at: file:///opt/nvim-linux-x86_64/share/nvim/runtime/lua/vim/lsp/handlers.lua , size = 26.904 KB
[00:14:00.949][info] [#0:script/workspace/loading.lua:112]: ++++As library of:	file:///opt/nvim-linux-x86_64/share/nvim/runtime/lua
[00:14:00.953][info] [#0:script/workspace/loading.lua:100]: Preload file at: file:///opt/nvim-linux-x86_64/share/nvim/runtime/lua/vim/lsp/sync.lua , size = 16.226 KB
[00:14:00.958][info] [#0:script/workspace/loading.lua:112]: ++++As library of:	file:///opt/nvim-linux-x86_64/share/nvim/runtime/lua
[00:14:00.969][info] [#0:script/workspace/loading.lua:100]: Preload file at: file:///opt/nvim-linux-x86_64/share/nvim/runtime/lua/vim/lsp/inlay_hint.lua , size = 12.172 KB
[00:14:00.974][info] [#0:script/workspace/loading.lua:112]: ++++As library of:	file:///opt/nvim-linux-x86_64/share/nvim/runtime/lua
[00:14:00.977][info] [#0:script/workspace/loading.lua:100]: Preload file at: file:///opt/nvim-linux-x86_64/share/nvim/runtime/lua/vim/lsp/_watchfiles.lua , size = 6.889 KB
[00:14:00.980][info] [#0:script/workspace/loading.lua:112]: ++++As library of:	file:///opt/nvim-linux-x86_64/share/nvim/runtime/lua
[00:14:00.980][info] [#0:script/workspace/loading.lua:100]: Preload file at: file:///opt/nvim-linux-x86_64/share/nvim/runtime/lua/vim/lsp/log.lua , size = 4.673 KB
[00:14:00.990][info] [#0:script/workspace/loading.lua:112]: ++++As library of:	file:///opt/nvim-linux-x86_64/share/nvim/runtime/lua
[00:14:00.991][info] [#0:script/workspace/loading.lua:100]: Preload file at: file:///opt/nvim-linux-x86_64/share/nvim/runtime/lua/vim/lsp/buf.lua , size = 31.091 KB
[00:14:01.004][info] [#0:script/workspace/loading.lua:112]: ++++As library of:	file:///opt/nvim-linux-x86_64/share/nvim/runtime/lua
[00:14:01.004][info] [#0:script/workspace/loading.lua:100]: Preload file at: file:///opt/nvim-linux-x86_64/share/nvim/runtime/lua/vim/lsp/_meta/protocol.lua , size = 175.343 KB
[00:14:01.090][info] [#0:script/workspace/loading.lua:112]: ++++As library of:	file:///opt/nvim-linux-x86_64/share/nvim/runtime/lua
[00:14:01.091][info] [#0:script/workspace/loading.lua:100]: Preload file at: file:///opt/nvim-linux-x86_64/share/nvim/runtime/lua/vim/lsp/rpc.lua , size = 25.991 KB
[00:14:01.102][info] [#0:script/workspace/loading.lua:112]: ++++As library of:	file:///opt/nvim-linux-x86_64/share/nvim/runtime/lua
[00:14:01.113][info] [#0:script/workspace/loading.lua:100]: Preload file at: file:///opt/nvim-linux-x86_64/share/nvim/runtime/lua/vim/lsp/_meta.lua , size = 0.440 KB
[00:14:01.114][info] [#0:script/workspace/loading.lua:112]: ++++As library of:	file:///opt/nvim-linux-x86_64/share/nvim/runtime/lua
[00:14:01.114][info] [#0:script/workspace/loading.lua:100]: Preload file at: file:///opt/nvim-linux-x86_64/share/nvim/runtime/lua/vim/lsp/_dynamic.lua , size = 2.973 KB
[00:14:01.116][info] [#0:script/workspace/loading.lua:112]: ++++As library of:	file:///opt/nvim-linux-x86_64/share/nvim/runtime/lua
[00:14:01.125][info] [#0:script/workspace/loading.lua:100]: Preload file at: file:///opt/nvim-linux-x86_64/share/nvim/runtime/lua/vim/lsp/client.lua , size = 38.013 KB
[00:14:01.148][info] [#0:script/workspace/loading.lua:112]: ++++As library of:	file:///opt/nvim-linux-x86_64/share/nvim/runtime/lua
[00:14:01.157][info] [#0:script/workspace/loading.lua:100]: Preload file at: file:///opt/nvim-linux-x86_64/share/nvim/runtime/lua/vim/lsp/protocol.lua , size = 48.973 KB
[00:14:01.175][info] [#0:script/workspace/loading.lua:112]: ++++As library of:	file:///opt/nvim-linux-x86_64/share/nvim/runtime/lua
[00:14:01.175][info] [#0:script/workspace/loading.lua:100]: Preload file at: file:///opt/nvim-linux-x86_64/share/nvim/runtime/lua/vim/lsp/semantic_tokens.lua , size = 26.267 KB
[00:14:01.193][info] [#0:script/workspace/loading.lua:112]: ++++As library of:	file:///opt/nvim-linux-x86_64/share/nvim/runtime/lua
[00:14:01.193][info] [#0:script/workspace/loading.lua:100]: Preload file at: file:///opt/nvim-linux-x86_64/share/nvim/runtime/lua/vim/fs.lua , size = 18.719 KB
[00:14:01.200][info] [#0:script/workspace/loading.lua:112]: ++++As library of:	file:///opt/nvim-linux-x86_64/share/nvim/runtime/lua
[00:14:01.213][info] [#0:script/workspace/loading.lua:100]: Preload file at: file:///opt/nvim-linux-x86_64/share/nvim/runtime/lua/vim/func.lua , size = 1.753 KB
[00:14:01.213][info] [#0:script/workspace/loading.lua:112]: ++++As library of:	file:///opt/nvim-linux-x86_64/share/nvim/runtime/lua
[00:14:01.214][info] [#0:script/workspace/loading.lua:100]: Preload file at: file:///opt/nvim-linux-x86_64/share/nvim/runtime/lua/vim/_watch.lua , size = 8.901 KB
[00:14:01.218][info] [#0:script/workspace/loading.lua:112]: ++++As library of:	file:///opt/nvim-linux-x86_64/share/nvim/runtime/lua
[00:14:01.219][info] [#0:script/workspace/loading.lua:100]: Preload file at: file:///opt/nvim-linux-x86_64/share/nvim/runtime/lua/vim/treesitter.lua , size = 14.036 KB
[00:14:01.224][info] [#0:script/workspace/loading.lua:112]: ++++As library of:	file:///opt/nvim-linux-x86_64/share/nvim/runtime/lua
[00:14:01.224][info] [#0:script/workspace/loading.lua:100]: Preload file at: file:///opt/nvim-linux-x86_64/share/nvim/runtime/lua/vim/termcap.lua , size = 3.103 KB
[00:14:01.230][info] [#0:script/workspace/loading.lua:112]: ++++As library of:	file:///opt/nvim-linux-x86_64/share/nvim/runtime/lua
[00:14:01.230][info] [#0:script/workspace/loading.lua:100]: Preload file at: file:///opt/nvim-linux-x86_64/share/nvim/runtime/lua/vim/highlight.lua , size = 4.526 KB
[00:14:01.233][info] [#0:script/workspace/loading.lua:112]: ++++As library of:	file:///opt/nvim-linux-x86_64/share/nvim/runtime/lua
[00:14:01.234][info] [#0:script/workspace/loading.lua:100]: Preload file at: file:///opt/nvim-linux-x86_64/share/nvim/runtime/lua/vim/_meta.lua , size = 0.977 KB
[00:14:01.235][info] [#0:script/workspace/loading.lua:112]: ++++As library of:	file:///opt/nvim-linux-x86_64/share/nvim/runtime/lua
[00:14:01.236][info] [#0:script/workspace/loading.lua:100]: Preload file at: file:///opt/nvim-linux-x86_64/share/nvim/runtime/lua/vim/_inspector.lua , size = 7.668 KB
[00:14:01.244][info] [#0:script/workspace/loading.lua:112]: ++++As library of:	file:///opt/nvim-linux-x86_64/share/nvim/runtime/lua
[00:14:01.244][info] [#0:script/workspace/loading.lua:100]: Preload file at: file:///opt/nvim-linux-x86_64/share/nvim/runtime/lua/vim/vimhelp.lua , size = 0.967 KB
[00:14:01.245][info] [#0:script/workspace/loading.lua:112]: ++++As library of:	file:///opt/nvim-linux-x86_64/share/nvim/runtime/lua
[00:14:01.246][info] [#0:script/workspace/loading.lua:100]: Preload file at: file:///opt/nvim-linux-x86_64/share/nvim/runtime/lua/vim/F.lua , size = 1.076 KB
[00:14:01.246][info] [#0:script/workspace/loading.lua:112]: ++++As library of:	file:///opt/nvim-linux-x86_64/share/nvim/runtime/lua
[00:14:01.246][info] [#0:script/workspace/loading.lua:100]: Preload file at: file:///opt/nvim-linux-x86_64/share/nvim/runtime/lua/vim/uri.lua , size = 3.571 KB
[00:14:01.248][info] [#0:script/workspace/loading.lua:112]: ++++As library of:	file:///opt/nvim-linux-x86_64/share/nvim/runtime/lua
[00:14:01.249][info] [#0:script/workspace/loading.lua:100]: Preload file at: file:///opt/nvim-linux-x86_64/share/nvim/runtime/lua/vim/text.lua , size = 0.812 KB
[00:14:01.250][info] [#0:script/workspace/loading.lua:112]: ++++As library of:	file:///opt/nvim-linux-x86_64/share/nvim/runtime/lua
[00:14:01.250][info] [#0:script/workspace/loading.lua:100]: Preload file at: file:///opt/nvim-linux-x86_64/share/nvim/runtime/lua/jit/dis_arm64be.lua , size = 0.604 KB
[00:14:01.250][info] [#0:script/workspace/loading.lua:112]: ++++As library of:	file:///opt/nvim-linux-x86_64/share/nvim/runtime/lua
[00:14:01.251][info] [#0:script/workspace/loading.lua:100]: Preload file at: file:///opt/nvim-linux-x86_64/share/nvim/runtime/lua/jit/dis_arm.lua , size = 18.891 KB
[00:14:01.261][info] [#0:script/workspace/loading.lua:112]: ++++As library of:	file:///opt/nvim-linux-x86_64/share/nvim/runtime/lua
[00:14:01.262][info] [#0:script/workspace/loading.lua:100]: Preload file at: file:///opt/nvim-linux-x86_64/share/nvim/runtime/lua/jit/dis_mips.lua , size = 21.494 KB
[00:14:01.273][info] [#0:script/workspace/loading.lua:112]: ++++As library of:	file:///opt/nvim-linux-x86_64/share/nvim/runtime/lua
[00:14:01.273][info] [#0:script/workspace/loading.lua:100]: Preload file at: file:///opt/nvim-linux-x86_64/share/nvim/runtime/lua/jit/v.lua , size = 5.731 KB
[00:14:01.276][info] [#0:script/workspace/loading.lua:112]: ++++As library of:	file:///opt/nvim-linux-x86_64/share/nvim/runtime/lua
[00:14:01.276][info] [#0:script/workspace/loading.lua:100]: Preload file at: file:///opt/nvim-linux-x86_64/share/nvim/runtime/lua/jit/zone.lua , size = 0.979 KB
[00:14:01.276][info] [#0:script/workspace/loading.lua:112]: ++++As library of:	file:///opt/nvim-linux-x86_64/share/nvim/runtime/lua
[00:14:01.277][info] [#0:script/workspace/loading.lua:100]: Preload file at: file:///opt/nvim-linux-x86_64/share/nvim/runtime/lua/jit/bcsave.lua , size = 17.091 KB
[00:14:01.285][info] [#0:script/workspace/loading.lua:112]: ++++As library of:	file:///opt/nvim-linux-x86_64/share/nvim/runtime/lua
[00:14:01.286][info] [#0:script/workspace/loading.lua:100]: Preload file at: file:///opt/nvim-linux-x86_64/share/nvim/runtime/lua/jit/vmdef.lua , size = 7.920 KB
[00:14:01.288][info] [#0:script/workspace/loading.lua:112]: ++++As library of:	file:///opt/nvim-linux-x86_64/share/nvim/runtime/lua
[00:14:01.288][info] [#0:script/workspace/loading.lua:100]: Preload file at: file:///opt/nvim-linux-x86_64/share/nvim/runtime/lua/jit/dis_x86.lua , size = 33.033 KB
[00:14:01.303][info] [#0:script/workspace/loading.lua:112]: ++++As library of:	file:///opt/nvim-linux-x86_64/share/nvim/runtime/lua
[00:14:01.304][info] [#0:script/workspace/loading.lua:100]: Preload file at: file:///opt/nvim-linux-x86_64/share/nvim/runtime/lua/jit/dis_arm64.lua , size = 29.441 KB
[00:14:01.323][info] [#0:script/workspace/loading.lua:112]: ++++As library of:	file:///opt/nvim-linux-x86_64/share/nvim/runtime/lua
[00:14:01.327][info] [#0:script/workspace/loading.lua:100]: Preload file at: file:///opt/nvim-linux-x86_64/share/nvim/runtime/lua/jit/dis_mips64r6.lua , size = 0.700 KB
[00:14:01.328][info] [#0:script/workspace/loading.lua:112]: ++++As library of:	file:///opt/nvim-linux-x86_64/share/nvim/runtime/lua
[00:14:01.328][info] [#0:script/workspace/loading.lua:100]: Preload file at: file:///opt/nvim-linux-x86_64/share/nvim/runtime/lua/jit/p.lua , size = 8.891 KB
[00:14:01.332][info] [#0:script/workspace/loading.lua:112]: ++++As library of:	file:///opt/nvim-linux-x86_64/share/nvim/runtime/lua
[00:14:01.333][info] [#0:script/workspace/loading.lua:100]: Preload file at: file:///opt/nvim-linux-x86_64/share/nvim/runtime/lua/jit/dump.lua , size = 20.269 KB
[00:14:01.350][info] [#0:script/workspace/loading.lua:112]: ++++As library of:	file:///opt/nvim-linux-x86_64/share/nvim/runtime/lua
[00:14:01.350][info] [#0:script/workspace/loading.lua:100]: Preload file at: file:///opt/nvim-linux-x86_64/share/nvim/runtime/lua/jit/dis_x64.lua , size = 0.695 KB
[00:14:01.350][info] [#0:script/workspace/loading.lua:112]: ++++As library of:	file:///opt/nvim-linux-x86_64/share/nvim/runtime/lua
[00:14:01.351][info] [#0:script/workspace/loading.lua:100]: Preload file at: file:///opt/nvim-linux-x86_64/share/nvim/runtime/lua/jit/dis_mips64.lua , size = 0.689 KB
[00:14:01.352][info] [#0:script/workspace/loading.lua:112]: ++++As library of:	file:///opt/nvim-linux-x86_64/share/nvim/runtime/lua
[00:14:01.352][info] [#0:script/workspace/loading.lua:100]: Preload file at: file:///opt/nvim-linux-x86_64/share/nvim/runtime/lua/jit/dis_mipsel.lua , size = 0.698 KB
[00:14:01.352][info] [#0:script/workspace/loading.lua:112]: ++++As library of:	file:///opt/nvim-linux-x86_64/share/nvim/runtime/lua
[00:14:01.352][info] [#0:script/workspace/loading.lua:100]: Preload file at: file:///opt/nvim-linux-x86_64/share/nvim/runtime/lua/jit/dis_mips64r6el.lua , size = 0.711 KB
[00:14:01.352][info] [#0:script/workspace/loading.lua:112]: ++++As library of:	file:///opt/nvim-linux-x86_64/share/nvim/runtime/lua
[00:14:01.353][info] [#0:script/workspace/loading.lua:100]: Preload file at: file:///opt/nvim-linux-x86_64/share/nvim/runtime/lua/jit/bc.lua , size = 5.417 KB
[00:14:01.356][info] [#0:script/workspace/loading.lua:112]: ++++As library of:	file:///opt/nvim-linux-x86_64/share/nvim/runtime/lua
[00:14:01.356][info] [#0:script/workspace/loading.lua:100]: Preload file at: file:///opt/nvim-linux-x86_64/share/nvim/runtime/lua/jit/dis_mips64el.lua , size = 0.700 KB
[00:14:01.356][info] [#0:script/workspace/loading.lua:112]: ++++As library of:	file:///opt/nvim-linux-x86_64/share/nvim/runtime/lua
[00:14:01.357][info] [#0:script/workspace/loading.lua:100]: Preload file at: file:///opt/nvim-linux-x86_64/share/nvim/runtime/lua/jit/dis_ppc.lua , size = 19.825 KB
[00:14:01.367][info] [#0:script/workspace/loading.lua:112]: ++++As library of:	file:///opt/nvim-linux-x86_64/share/nvim/runtime/lua
[00:14:01.367][info] [#0:script/workspace/loading.lua:88]: Skip loaded file: file:///home/user/.local/share/nvim/mason/packages/lua-language-server/libexec/meta/Lua%205.4%20en-us%20utf8/builtin.lua
[00:14:01.367][info] [#0:script/workspace/loading.lua:112]: ++++As library of:	file:///home/user/.local/share/nvim/mason/packages/lua-language-server/libexec/meta/Lua%205.4%20en-us%20utf8/builtin.lua
[00:14:01.367][info] [#0:script/workspace/loading.lua:88]: Skip loaded file: file:///home/user/.config/wezterm/wezterm.lua
[00:14:01.367][info] [#0:script/workspace/loading.lua:172]: Loaded files takes [1.137] sec: file:///home/user/.config/wezterm
[00:14:01.368][info] [#0:script/workspace/loading.lua:181]: Compile files takes [0.000] sec: file:///home/user/.config/wezterm
[00:14:01.368][info] [#0:script/workspace/loading.lua:182]: Loaded finish:	file:///home/user/.config/wezterm
[00:14:01.368][info] [#0:script/workspace/workspace.lua:381]: Preload finish at:	file:///home/user/.config/wezterm
[00:14:01.384][info] [#0:script/provider/diagnostic.lua:560]: Diagnostics scope [file:///home/user/.config/wezterm], files count:[131]
[00:14:01.384][warn] [#0:script/proto/proto.lua:189]: Method [textDocument/didOpen] takes [1.226]sec. {
  jsonrpc = "2.0",
  method = "textDocument/didOpen",
  params = {
    textDocument = {
      languageId = "lua",
      text = '"***"',
      uri = "file:///home/user/.config/wezterm/wezterm.lua",
      version = 0
    }
  }
}
[00:14:01.392][warn] [#0:script/proto/proto.lua:189]: Method [textDocument/semanticTokens/full] takes [1.224]sec. {
  id = 14,
  jsonrpc = "2.0",
  method = "textDocument/semanticTokens/full",
  params = {
    textDocument = {
      uri = "file:///home/user/.config/wezterm/wezterm.lua"
    }
  }
}
[00:14:01.395][warn] [#0:script/proto/proto.lua:189]: Method [textDocument/inlayHint] takes [1.225]sec. {
  id = 7,
  jsonrpc = "2.0",
  method = "textDocument/inlayHint",
  params = {
    range = {
      end = {
        character = 0,
        line = 21
      },
      start = {
        character = 0,
        line = 0
      }
    },
    textDocument = {
      uri = "file:///home/user/.config/wezterm/wezterm.lua"
    }
  }
}
[00:14:01.396][warn] [#0:script/proto/proto.lua:189]: Method [textDocument/inlayHint] takes [1.225]sec. {
  id = 9,
  jsonrpc = "2.0",
  method = "textDocument/inlayHint",
  params = {
    range = {
      end = {
        character = 0,
        line = 21
      },
      start = {
        character = 0,
        line = 0
      }
    },
    textDocument = {
      uri = "file:///home/user/.config/wezterm/wezterm.lua"
    }
  }
}
[00:14:01.396][warn] [#0:script/proto/proto.lua:189]: Method [textDocument/inlayHint] takes [1.225]sec. {
  id = 11,
  jsonrpc = "2.0",
  method = "textDocument/inlayHint",
  params = {
    range = {
      end = {
        character = 0,
        line = 21
      },
      start = {
        character = 0,
        line = 0
      }
    },
    textDocument = {
      uri = "file:///home/user/.config/wezterm/wezterm.lua"
    }
  }
}
[00:14:01.398][warn] [#0:script/proto/proto.lua:189]: Method [textDocument/inlayHint] takes [1.225]sec. {
  id = 13,
  jsonrpc = "2.0",
  method = "textDocument/inlayHint",
  params = {
    range = {
      end = {
        character = 0,
        line = 21
      },
      start = {
        character = 0,
        line = 0
      }
    },
    textDocument = {
      uri = "file:///home/user/.config/wezterm/wezterm.lua"
    }
  }
}
[00:14:01.398][warn] [#0:script/proto/proto.lua:189]: Method [textDocument/inlayHint] takes [1.225]sec. {
  id = 15,
  jsonrpc = "2.0",
  method = "textDocument/inlayHint",
  params = {
    range = {
      end = {
        character = 0,
        line = 21
      },
      start = {
        character = 0,
        line = 0
      }
    },
    textDocument = {
      uri = "file:///home/user/.config/wezterm/wezterm.lua"
    }
  }
}
[00:14:01.405][warn] [#0:script/proto/proto.lua:189]: Method [textDocument/documentSymbol] takes [1.230]sec. {
  id = 5,
  jsonrpc = "2.0",
  method = "textDocument/documentSymbol",
  params = {
    textDocument = {
      uri = "file:///home/user/.config/wezterm/wezterm.lua"
    }
  }
}
[00:14:01.467][info] [#0:script/provider/diagnostic.lua:577]: Diagnostics scope [file:///home/user/.config/wezterm] finished, takes [0.015] sec.
[00:23:59.084][info] [#0:script/service/service.lua:145]: 
========= Medical Examination Report =========
    --------------- Memory ---------------
        Total: 120.414 MB
        # 00 : 119.279 MB
        # 01 : 0.053 MB
        # 02 : 0.053 MB
        # 03 : 0.695 MB
        # 04 : 0.333 MB
    --------------- Coroutine ---------------
        Total:     90
        Running:   0
        Suspended: 0
        Normal:    0
        Dead:      90
    --------------- Cache ---------------
        Total: 1
        Dead:  0
    ---------------  RPC  ---------------
        Holdon:   0
        Waiting:  0
==============================================
